2019-12-30 12:37:02  [ main:0 ] - [ DEBUG ]  {conn-10001,procId-21} connected
2019-12-30 12:37:02  [ main:96 ] - [ DEBUG ]  {conn-10001} pool-connect
2019-12-30 12:37:02  [ main:103 ] - [ DEBUG ]  {conn-10001} pool-recycle
2019-12-30 12:37:03  [ main:502 ] - [ DEBUG ]  {conn-10001} pool-connect
2019-12-30 12:37:03  [ main:584 ] - [ DEBUG ]  {conn-10001} pool-recycle
2019-12-30 12:37:04  [ main:1234 ] - [ DEBUG ]  {conn-10001} pool-connect
2019-12-30 12:37:04  [ main:1234 ] - [ DEBUG ]  {conn-10001} pool-recycle
2019-12-30 12:38:07  [ main:0 ] - [ DEBUG ]  {conn-10001,procId-22} connected
2019-12-30 12:38:07  [ main:83 ] - [ DEBUG ]  {conn-10001} pool-connect
2019-12-30 12:38:07  [ main:91 ] - [ DEBUG ]  {conn-10001} pool-recycle
2019-12-30 12:38:07  [ main:612 ] - [ DEBUG ]  {conn-10001} pool-connect
2019-12-30 12:38:08  [ main:726 ] - [ DEBUG ]  {conn-10001} pool-recycle
2019-12-30 12:38:08  [ main:1598 ] - [ DEBUG ]  {conn-10001} pool-connect
2019-12-30 12:38:08  [ main:1598 ] - [ DEBUG ]  {conn-10001} pool-recycle
2019-12-30 12:39:34  [ main:0 ] - [ DEBUG ]  {conn-10001,procId-23} connected
2019-12-30 12:39:34  [ main:75 ] - [ DEBUG ]  {conn-10001} pool-connect
2019-12-30 12:39:34  [ main:84 ] - [ DEBUG ]  {conn-10001} pool-recycle
2019-12-30 12:39:34  [ main:538 ] - [ DEBUG ]  {conn-10001} pool-connect
2019-12-30 12:39:34  [ main:614 ] - [ DEBUG ]  {conn-10001} pool-recycle
2019-12-30 12:39:35  [ main:1255 ] - [ DEBUG ]  {conn-10001} pool-connect
2019-12-30 12:39:35  [ main:1255 ] - [ DEBUG ]  {conn-10001} pool-recycle
2019-12-30 13:31:59  [ main:0 ] - [ DEBUG ]  {conn-10001,procId-24} connected
2019-12-30 13:31:59  [ main:79 ] - [ DEBUG ]  {conn-10001} pool-connect
2019-12-30 13:31:59  [ main:85 ] - [ DEBUG ]  {conn-10001} pool-recycle
2019-12-30 13:31:59  [ main:467 ] - [ DEBUG ]  {conn-10001} pool-connect
2019-12-30 13:31:59  [ main:548 ] - [ DEBUG ]  {conn-10001} pool-recycle
2019-12-30 13:32:00  [ main:1282 ] - [ DEBUG ]  {conn-10001} pool-connect
2019-12-30 13:32:00  [ main:1283 ] - [ DEBUG ]  {conn-10001} pool-recycle
2019-12-30 13:34:48  [ main:0 ] - [ DEBUG ]  {conn-10001,procId-25} connected
2019-12-30 13:34:48  [ main:87 ] - [ DEBUG ]  {conn-10001} pool-connect
2019-12-30 13:34:48  [ main:94 ] - [ DEBUG ]  {conn-10001} pool-recycle
2019-12-30 13:34:48  [ main:478 ] - [ DEBUG ]  {conn-10001} pool-connect
2019-12-30 13:34:48  [ main:556 ] - [ DEBUG ]  {conn-10001} pool-recycle
2019-12-30 13:34:49  [ main:1171 ] - [ DEBUG ]  {conn-10001} pool-connect
2019-12-30 13:34:49  [ main:1171 ] - [ DEBUG ]  {conn-10001} pool-recycle
2019-12-30 13:34:49  [ main:1527 ] - [ DEBUG ]  {conn-10001} closed
2019-12-30 13:35:24  [ main:0 ] - [ DEBUG ]  {conn-10001,procId-26} connected
2019-12-30 13:35:24  [ main:99 ] - [ DEBUG ]  {conn-10001} pool-connect
2019-12-30 13:35:24  [ main:108 ] - [ DEBUG ]  {conn-10001} pool-recycle
2019-12-30 13:35:25  [ main:491 ] - [ DEBUG ]  {conn-10001} pool-connect
2019-12-30 13:35:25  [ main:564 ] - [ DEBUG ]  {conn-10001} pool-recycle
2019-12-30 13:35:26  [ main:1185 ] - [ DEBUG ]  {conn-10001} pool-connect
2019-12-30 13:35:26  [ main:1186 ] - [ DEBUG ]  {conn-10001} pool-recycle
2019-12-30 13:40:55  [ http-nio-8080-exec-1:330933 ] - [ DEBUG ]  {conn-10001} pool-connect
2019-12-30 13:40:55  [ http-nio-8080-exec-1:330943 ] - [ DEBUG ]  {conn-10001} setAutoCommit false
2019-12-30 13:40:56  [ http-nio-8080-exec-1:331433 ] - [ DEBUG ]  {conn-10001, pstmt-20000} created. select userentity0_.t_id as t_id1_0_, userentity0_.t_address as t_addres2_0_, userentity0_.t_age as t_age3_0_, userentity0_.t_name as t_name4_0_ from t_user userentity0_
2019-12-30 13:40:56  [ http-nio-8080-exec-1:331443 ] - [ DEBUG ]  {conn-10001, pstmt-20000} Parameters : []
2019-12-30 13:40:56  [ http-nio-8080-exec-1:331443 ] - [ DEBUG ]  {conn-10001, pstmt-20000} Types : []
2019-12-30 13:40:56  [ http-nio-8080-exec-1:331452 ] - [ DEBUG ]  {conn-10001, pstmt-20000, rs-50000} query executed. 12.5612 millis. select userentity0_.t_id as t_id1_0_, userentity0_.t_address as t_addres2_0_, userentity0_.t_age as t_age3_0_, userentity0_.t_name as t_name4_0_ from t_user userentity0_
2019-12-30 13:40:56  [ http-nio-8080-exec-1:331452 ] - [ DEBUG ]  {conn-10001, pstmt-20000, rs-50000} open
2019-12-30 13:40:56  [ http-nio-8080-exec-1:331455 ] - [ DEBUG ]  {conn-10001, pstmt-20000, rs-50000} Header: [t_id, t_address, t_age, t_name]
2019-12-30 13:40:56  [ http-nio-8080-exec-1:331460 ] - [ DEBUG ]  {conn-10001, pstmt-20000, rs-50000} Result: [1, 北京市通话区, 30, workman]
2019-12-30 13:40:56  [ http-nio-8080-exec-1:331472 ] - [ DEBUG ]  {conn-10001, pstmt-20000, rs-50000} Result: [2, 北京市通话区, 30, workman1]
2019-12-30 13:40:56  [ http-nio-8080-exec-1:331473 ] - [ DEBUG ]  {conn-10001, pstmt-20000, rs-50000} Result: [3, , 30, workman2]
2019-12-30 13:40:56  [ http-nio-8080-exec-1:331477 ] - [ DEBUG ]  {conn-10001, pstmt-20000, rs-50000} closed
2019-12-30 13:40:56  [ http-nio-8080-exec-1:331478 ] - [ DEBUG ]  {conn-10001, pstmt-20000} clearParameters. 
2019-12-30 13:40:56  [ http-nio-8080-exec-1:331484 ] - [ DEBUG ]  {conn-10001} commited
2019-12-30 13:40:56  [ http-nio-8080-exec-1:331485 ] - [ DEBUG ]  {conn-10001} setAutoCommit true
2019-12-30 13:40:56  [ http-nio-8080-exec-1:331487 ] - [ DEBUG ]  {conn-10001} pool-recycle
2019-12-30 13:46:33  [ main:1 ] - [ DEBUG ]  {conn-10001,procId-30} connected
2019-12-30 13:46:33  [ main:97 ] - [ DEBUG ]  {conn-10001} pool-connect
2019-12-30 13:46:33  [ main:105 ] - [ DEBUG ]  {conn-10001} pool-recycle
2019-12-30 13:46:34  [ main:486 ] - [ DEBUG ]  {conn-10001} pool-connect
2019-12-30 13:46:34  [ main:561 ] - [ DEBUG ]  {conn-10001} pool-recycle
2019-12-30 13:46:34  [ main:1241 ] - [ DEBUG ]  {conn-10001} pool-connect
2019-12-30 13:46:34  [ main:1242 ] - [ DEBUG ]  {conn-10001} pool-recycle
2019-12-30 13:46:43  [ http-nio-8080-exec-1:10220 ] - [ DEBUG ]  {conn-10001} pool-connect
2019-12-30 13:46:43  [ http-nio-8080-exec-1:10229 ] - [ DEBUG ]  {conn-10001} setAutoCommit false
2019-12-30 13:46:44  [ http-nio-8080-exec-1:10741 ] - [ DEBUG ]  {conn-10001, pstmt-20000} created. select userentity0_.t_id as t_id1_0_, userentity0_.t_address as t_addres2_0_, userentity0_.t_age as t_age3_0_, userentity0_.t_name as t_name4_0_ from t_user userentity0_
2019-12-30 13:46:44  [ http-nio-8080-exec-1:10753 ] - [ DEBUG ]  {conn-10001, pstmt-20000} Parameters : []
2019-12-30 13:46:44  [ http-nio-8080-exec-1:10753 ] - [ DEBUG ]  {conn-10001, pstmt-20000} Types : []
2019-12-30 13:46:44  [ http-nio-8080-exec-1:10762 ] - [ DEBUG ]  {conn-10001, pstmt-20000, rs-50000} query executed. 12.7853 millis. select userentity0_.t_id as t_id1_0_, userentity0_.t_address as t_addres2_0_, userentity0_.t_age as t_age3_0_, userentity0_.t_name as t_name4_0_ from t_user userentity0_
2019-12-30 13:46:44  [ http-nio-8080-exec-1:10762 ] - [ DEBUG ]  {conn-10001, pstmt-20000, rs-50000} open
2019-12-30 13:46:44  [ http-nio-8080-exec-1:10765 ] - [ DEBUG ]  {conn-10001, pstmt-20000, rs-50000} Header: [t_id, t_address, t_age, t_name]
2019-12-30 13:46:44  [ http-nio-8080-exec-1:10769 ] - [ DEBUG ]  {conn-10001, pstmt-20000, rs-50000} Result: [1, 北京市通话区, 30, workman]
2019-12-30 13:46:44  [ http-nio-8080-exec-1:10782 ] - [ DEBUG ]  {conn-10001, pstmt-20000, rs-50000} Result: [2, 北京市通话区, 30, workman1]
2019-12-30 13:46:44  [ http-nio-8080-exec-1:10783 ] - [ DEBUG ]  {conn-10001, pstmt-20000, rs-50000} Result: [3, , 30, workman2]
2019-12-30 13:46:44  [ http-nio-8080-exec-1:10787 ] - [ DEBUG ]  {conn-10001, pstmt-20000, rs-50000} closed
2019-12-30 13:46:44  [ http-nio-8080-exec-1:10787 ] - [ DEBUG ]  {conn-10001, pstmt-20000} clearParameters. 
2019-12-30 13:46:44  [ http-nio-8080-exec-1:10797 ] - [ DEBUG ]  {conn-10001} commited
2019-12-30 13:46:44  [ http-nio-8080-exec-1:10798 ] - [ DEBUG ]  {conn-10001} setAutoCommit true
2019-12-30 13:46:44  [ http-nio-8080-exec-1:10800 ] - [ DEBUG ]  {conn-10001} pool-recycle
2019-12-30 13:51:29  [ main:0 ] - [ DEBUG ]  {conn-10001,procId-31} connected
2019-12-30 13:51:29  [ main:78 ] - [ DEBUG ]  {conn-10001} pool-connect
2019-12-30 13:51:29  [ main:85 ] - [ DEBUG ]  {conn-10001} pool-recycle
2019-12-30 13:51:29  [ main:471 ] - [ DEBUG ]  {conn-10001} pool-connect
2019-12-30 13:51:29  [ main:548 ] - [ DEBUG ]  {conn-10001} pool-recycle
2019-12-30 13:51:30  [ main:1176 ] - [ DEBUG ]  {conn-10001} pool-connect
2019-12-30 13:51:30  [ main:1176 ] - [ DEBUG ]  {conn-10001} pool-recycle
2019-12-30 13:51:42  [ http-nio-8080-exec-1:13672 ] - [ DEBUG ]  {conn-10001} pool-connect
2019-12-30 13:51:42  [ http-nio-8080-exec-1:13682 ] - [ DEBUG ]  {conn-10001} setAutoCommit false
2019-12-30 13:51:43  [ http-nio-8080-exec-1:14183 ] - [ DEBUG ]  {conn-10001, pstmt-20000} created. select userentity0_.t_id as t_id1_0_, userentity0_.t_address as t_addres2_0_, userentity0_.t_age as t_age3_0_, userentity0_.t_name as t_name4_0_ from t_user userentity0_
2019-12-30 13:51:43  [ http-nio-8080-exec-1:14200 ] - [ DEBUG ]  {conn-10001, pstmt-20000} Parameters : []
2019-12-30 13:51:43  [ http-nio-8080-exec-1:14201 ] - [ DEBUG ]  {conn-10001, pstmt-20000} Types : []
2019-12-30 13:51:43  [ http-nio-8080-exec-1:14209 ] - [ DEBUG ]  {conn-10001, pstmt-20000, rs-50000} query executed. 16.999401 millis. select userentity0_.t_id as t_id1_0_, userentity0_.t_address as t_addres2_0_, userentity0_.t_age as t_age3_0_, userentity0_.t_name as t_name4_0_ from t_user userentity0_
2019-12-30 13:51:43  [ http-nio-8080-exec-1:14210 ] - [ DEBUG ]  {conn-10001, pstmt-20000, rs-50000} open
2019-12-30 13:51:43  [ http-nio-8080-exec-1:14213 ] - [ DEBUG ]  {conn-10001, pstmt-20000, rs-50000} Header: [t_id, t_address, t_age, t_name]
2019-12-30 13:51:43  [ http-nio-8080-exec-1:14217 ] - [ DEBUG ]  {conn-10001, pstmt-20000, rs-50000} Result: [1, 北京市通话区, 30, workman]
2019-12-30 13:51:43  [ http-nio-8080-exec-1:14230 ] - [ DEBUG ]  {conn-10001, pstmt-20000, rs-50000} Result: [2, 北京市通话区, 30, workman1]
2019-12-30 13:51:43  [ http-nio-8080-exec-1:14231 ] - [ DEBUG ]  {conn-10001, pstmt-20000, rs-50000} Result: [3, , 30, workman2]
2019-12-30 13:51:43  [ http-nio-8080-exec-1:14235 ] - [ DEBUG ]  {conn-10001, pstmt-20000, rs-50000} closed
2019-12-30 13:51:43  [ http-nio-8080-exec-1:14236 ] - [ DEBUG ]  {conn-10001, pstmt-20000} clearParameters. 
2019-12-30 13:51:43  [ http-nio-8080-exec-1:14242 ] - [ DEBUG ]  {conn-10001} commited
2019-12-30 13:51:43  [ http-nio-8080-exec-1:14243 ] - [ DEBUG ]  {conn-10001} setAutoCommit true
2019-12-30 13:51:43  [ http-nio-8080-exec-1:14246 ] - [ DEBUG ]  {conn-10001} pool-recycle
2019-12-30 13:53:37  [ main:0 ] - [ DEBUG ]  {conn-10001,procId-32} connected
2019-12-30 13:53:37  [ main:80 ] - [ DEBUG ]  {conn-10001} pool-connect
2019-12-30 13:53:37  [ main:87 ] - [ DEBUG ]  {conn-10001} pool-recycle
2019-12-30 13:53:38  [ main:466 ] - [ DEBUG ]  {conn-10001} pool-connect
2019-12-30 13:53:38  [ main:549 ] - [ DEBUG ]  {conn-10001} pool-recycle
2019-12-30 13:53:38  [ main:1163 ] - [ DEBUG ]  {conn-10001} pool-connect
2019-12-30 13:53:38  [ main:1164 ] - [ DEBUG ]  {conn-10001} pool-recycle
2019-12-30 13:53:46  [ http-nio-8080-exec-1:8781 ] - [ DEBUG ]  {conn-10001} pool-connect
2019-12-30 13:53:46  [ http-nio-8080-exec-1:8791 ] - [ DEBUG ]  {conn-10001} setAutoCommit false
2019-12-30 13:53:46  [ http-nio-8080-exec-1:9262 ] - [ DEBUG ]  {conn-10001, pstmt-20000} created. select userentity0_.t_id as t_id1_0_, userentity0_.t_address as t_addres2_0_, userentity0_.t_age as t_age3_0_, userentity0_.t_name as t_name4_0_ from t_user userentity0_
2019-12-30 13:53:46  [ http-nio-8080-exec-1:9274 ] - [ DEBUG ]  {conn-10001, pstmt-20000} Parameters : []
2019-12-30 13:53:46  [ http-nio-8080-exec-1:9274 ] - [ DEBUG ]  {conn-10001, pstmt-20000} Types : []
2019-12-30 13:53:46  [ http-nio-8080-exec-1:9281 ] - [ DEBUG ]  {conn-10001, pstmt-20000, rs-50000} query executed. 13.038101 millis. select userentity0_.t_id as t_id1_0_, userentity0_.t_address as t_addres2_0_, userentity0_.t_age as t_age3_0_, userentity0_.t_name as t_name4_0_ from t_user userentity0_
2019-12-30 13:53:46  [ http-nio-8080-exec-1:9281 ] - [ DEBUG ]  {conn-10001, pstmt-20000, rs-50000} open
2019-12-30 13:53:46  [ http-nio-8080-exec-1:9284 ] - [ DEBUG ]  {conn-10001, pstmt-20000, rs-50000} Header: [t_id, t_address, t_age, t_name]
2019-12-30 13:53:46  [ http-nio-8080-exec-1:9288 ] - [ DEBUG ]  {conn-10001, pstmt-20000, rs-50000} Result: [1, 北京市通话区, 30, workman]
2019-12-30 13:53:46  [ http-nio-8080-exec-1:9299 ] - [ DEBUG ]  {conn-10001, pstmt-20000, rs-50000} Result: [2, 北京市通话区, 30, workman1]
2019-12-30 13:53:46  [ http-nio-8080-exec-1:9300 ] - [ DEBUG ]  {conn-10001, pstmt-20000, rs-50000} Result: [3, , 30, workman2]
2019-12-30 13:53:46  [ http-nio-8080-exec-1:9304 ] - [ DEBUG ]  {conn-10001, pstmt-20000, rs-50000} closed
2019-12-30 13:53:46  [ http-nio-8080-exec-1:9305 ] - [ DEBUG ]  {conn-10001, pstmt-20000} clearParameters. 
2019-12-30 13:53:46  [ http-nio-8080-exec-1:9311 ] - [ DEBUG ]  {conn-10001} commited
2019-12-30 13:53:46  [ http-nio-8080-exec-1:9312 ] - [ DEBUG ]  {conn-10001} setAutoCommit true
2019-12-30 13:53:46  [ http-nio-8080-exec-1:9315 ] - [ DEBUG ]  {conn-10001} pool-recycle
2019-12-30 13:54:27  [ main:0 ] - [ DEBUG ]  {conn-10001,procId-33} connected
2019-12-30 13:54:27  [ main:80 ] - [ DEBUG ]  {conn-10001} pool-connect
2019-12-30 13:54:27  [ main:88 ] - [ DEBUG ]  {conn-10001} pool-recycle
2019-12-30 13:54:28  [ main:471 ] - [ DEBUG ]  {conn-10001} pool-connect
2019-12-30 13:54:28  [ main:549 ] - [ DEBUG ]  {conn-10001} pool-recycle
2019-12-30 13:54:28  [ main:1168 ] - [ DEBUG ]  {conn-10001} pool-connect
2019-12-30 13:54:28  [ main:1169 ] - [ DEBUG ]  {conn-10001} pool-recycle
2019-12-30 13:54:43  [ http-nio-8080-exec-1:16417 ] - [ DEBUG ]  {conn-10001} pool-connect
2019-12-30 13:54:43  [ http-nio-8080-exec-1:16424 ] - [ DEBUG ]  {conn-10001} setAutoCommit false
2019-12-30 13:54:44  [ http-nio-8080-exec-1:16876 ] - [ DEBUG ]  {conn-10001, pstmt-20000} created. select userentity0_.t_id as t_id1_0_, userentity0_.t_address as t_addres2_0_, userentity0_.t_age as t_age3_0_, userentity0_.t_name as t_name4_0_ from t_user userentity0_
2019-12-30 13:54:44  [ http-nio-8080-exec-1:16887 ] - [ DEBUG ]  {conn-10001, pstmt-20000} Parameters : []
2019-12-30 13:54:44  [ http-nio-8080-exec-1:16888 ] - [ DEBUG ]  {conn-10001, pstmt-20000} Types : []
2019-12-30 13:54:44  [ http-nio-8080-exec-1:16894 ] - [ DEBUG ]  {conn-10001, pstmt-20000, rs-50000} query executed. 11.177199 millis. select userentity0_.t_id as t_id1_0_, userentity0_.t_address as t_addres2_0_, userentity0_.t_age as t_age3_0_, userentity0_.t_name as t_name4_0_ from t_user userentity0_
2019-12-30 13:54:44  [ http-nio-8080-exec-1:16895 ] - [ DEBUG ]  {conn-10001, pstmt-20000, rs-50000} open
2019-12-30 13:54:44  [ http-nio-8080-exec-1:16898 ] - [ DEBUG ]  {conn-10001, pstmt-20000, rs-50000} Header: [t_id, t_address, t_age, t_name]
2019-12-30 13:54:44  [ http-nio-8080-exec-1:16903 ] - [ DEBUG ]  {conn-10001, pstmt-20000, rs-50000} Result: [1, 北京市通话区, 30, workman]
2019-12-30 13:54:44  [ http-nio-8080-exec-1:16914 ] - [ DEBUG ]  {conn-10001, pstmt-20000, rs-50000} Result: [2, 北京市通话区, 30, workman1]
2019-12-30 13:54:44  [ http-nio-8080-exec-1:16915 ] - [ DEBUG ]  {conn-10001, pstmt-20000, rs-50000} Result: [3, , 30, workman2]
2019-12-30 13:54:44  [ http-nio-8080-exec-1:16919 ] - [ DEBUG ]  {conn-10001, pstmt-20000, rs-50000} closed
2019-12-30 13:54:44  [ http-nio-8080-exec-1:16920 ] - [ DEBUG ]  {conn-10001, pstmt-20000} clearParameters. 
2019-12-30 13:54:44  [ http-nio-8080-exec-1:16926 ] - [ DEBUG ]  {conn-10001} commited
2019-12-30 13:54:44  [ http-nio-8080-exec-1:16926 ] - [ DEBUG ]  {conn-10001} setAutoCommit true
2019-12-30 13:54:44  [ http-nio-8080-exec-1:16929 ] - [ DEBUG ]  {conn-10001} pool-recycle
2019-12-30 13:57:43  [ main:0 ] - [ DEBUG ]  {conn-10001,procId-34} connected
2019-12-30 13:57:43  [ main:81 ] - [ DEBUG ]  {conn-10001} pool-connect
2019-12-30 13:57:43  [ main:90 ] - [ DEBUG ]  {conn-10001} pool-recycle
2019-12-30 13:57:43  [ main:508 ] - [ DEBUG ]  {conn-10001} pool-connect
2019-12-30 13:57:43  [ main:594 ] - [ DEBUG ]  {conn-10001} pool-recycle
2019-12-30 13:57:44  [ main:1285 ] - [ DEBUG ]  {conn-10001} pool-connect
2019-12-30 13:57:44  [ main:1286 ] - [ DEBUG ]  {conn-10001} pool-recycle
2019-12-30 13:57:55  [ http-nio-8080-exec-1:12584 ] - [ DEBUG ]  {conn-10001} pool-connect
2019-12-30 13:57:55  [ http-nio-8080-exec-1:12593 ] - [ DEBUG ]  {conn-10001} setAutoCommit false
2019-12-30 13:57:56  [ http-nio-8080-exec-1:13116 ] - [ DEBUG ]  {conn-10001, pstmt-20000} created. select userentity0_.t_id as t_id1_0_, userentity0_.t_address as t_addres2_0_, userentity0_.t_age as t_age3_0_, userentity0_.t_name as t_name4_0_ from t_user userentity0_
2019-12-30 13:57:56  [ http-nio-8080-exec-1:13131 ] - [ DEBUG ]  {conn-10001, pstmt-20000} Parameters : []
2019-12-30 13:57:56  [ http-nio-8080-exec-1:13131 ] - [ DEBUG ]  {conn-10001, pstmt-20000} Types : []
2019-12-30 13:57:56  [ http-nio-8080-exec-1:13141 ] - [ DEBUG ]  {conn-10001, pstmt-20000, rs-50000} query executed. 14.6933 millis. select userentity0_.t_id as t_id1_0_, userentity0_.t_address as t_addres2_0_, userentity0_.t_age as t_age3_0_, userentity0_.t_name as t_name4_0_ from t_user userentity0_
2019-12-30 13:57:56  [ http-nio-8080-exec-1:13143 ] - [ DEBUG ]  {conn-10001, pstmt-20000, rs-50000} open
2019-12-30 13:57:56  [ http-nio-8080-exec-1:13149 ] - [ DEBUG ]  {conn-10001, pstmt-20000, rs-50000} Header: [t_id, t_address, t_age, t_name]
2019-12-30 13:57:56  [ http-nio-8080-exec-1:13155 ] - [ DEBUG ]  {conn-10001, pstmt-20000, rs-50000} Result: [1, 北京市通话区, 30, workman]
2019-12-30 13:57:56  [ http-nio-8080-exec-1:13174 ] - [ DEBUG ]  {conn-10001, pstmt-20000, rs-50000} Result: [2, 北京市通话区, 30, workman1]
2019-12-30 13:57:56  [ http-nio-8080-exec-1:13176 ] - [ DEBUG ]  {conn-10001, pstmt-20000, rs-50000} Result: [3, , 30, workman2]
2019-12-30 13:57:56  [ http-nio-8080-exec-1:13183 ] - [ DEBUG ]  {conn-10001, pstmt-20000, rs-50000} closed
2019-12-30 13:57:56  [ http-nio-8080-exec-1:13184 ] - [ DEBUG ]  {conn-10001, pstmt-20000} clearParameters. 
2019-12-30 13:57:56  [ http-nio-8080-exec-1:13191 ] - [ DEBUG ]  {conn-10001} commited
2019-12-30 13:57:56  [ http-nio-8080-exec-1:13192 ] - [ DEBUG ]  {conn-10001} setAutoCommit true
2019-12-30 13:57:56  [ http-nio-8080-exec-1:13316 ] - [ DEBUG ]  {conn-10001} pool-recycle
2019-12-30 13:58:51  [ main:0 ] - [ DEBUG ]  {conn-10001,procId-35} connected
2019-12-30 13:58:51  [ main:85 ] - [ DEBUG ]  {conn-10001} pool-connect
2019-12-30 13:58:51  [ main:93 ] - [ DEBUG ]  {conn-10001} pool-recycle
2019-12-30 13:58:52  [ main:484 ] - [ DEBUG ]  {conn-10001} pool-connect
2019-12-30 13:58:52  [ main:565 ] - [ DEBUG ]  {conn-10001} pool-recycle
2019-12-30 13:58:52  [ main:1218 ] - [ DEBUG ]  {conn-10001} pool-connect
2019-12-30 13:58:52  [ main:1218 ] - [ DEBUG ]  {conn-10001} pool-recycle
2019-12-30 13:59:21  [ http-nio-8080-exec-1:29558 ] - [ DEBUG ]  {conn-10001} pool-connect
2019-12-30 13:59:21  [ http-nio-8080-exec-1:29566 ] - [ DEBUG ]  {conn-10001} setAutoCommit false
2019-12-30 13:59:21  [ http-nio-8080-exec-1:30037 ] - [ DEBUG ]  {conn-10001, pstmt-20000} created. select userentity0_.t_id as t_id1_0_, userentity0_.t_address as t_addres2_0_, userentity0_.t_age as t_age3_0_, userentity0_.t_name as t_name4_0_ from t_user userentity0_
2019-12-30 13:59:21  [ http-nio-8080-exec-1:30048 ] - [ DEBUG ]  {conn-10001, pstmt-20000} Parameters : []
2019-12-30 13:59:21  [ http-nio-8080-exec-1:30048 ] - [ DEBUG ]  {conn-10001, pstmt-20000} Types : []
2019-12-30 13:59:21  [ http-nio-8080-exec-1:30056 ] - [ DEBUG ]  {conn-10001, pstmt-20000, rs-50000} query executed. 12.273201 millis. select userentity0_.t_id as t_id1_0_, userentity0_.t_address as t_addres2_0_, userentity0_.t_age as t_age3_0_, userentity0_.t_name as t_name4_0_ from t_user userentity0_
2019-12-30 13:59:21  [ http-nio-8080-exec-1:30057 ] - [ DEBUG ]  {conn-10001, pstmt-20000, rs-50000} open
2019-12-30 13:59:21  [ http-nio-8080-exec-1:30060 ] - [ DEBUG ]  {conn-10001, pstmt-20000, rs-50000} Header: [t_id, t_address, t_age, t_name]
2019-12-30 13:59:21  [ http-nio-8080-exec-1:30064 ] - [ DEBUG ]  {conn-10001, pstmt-20000, rs-50000} Result: [1, 北京市通话区, 30, workman]
2019-12-30 13:59:21  [ http-nio-8080-exec-1:30076 ] - [ DEBUG ]  {conn-10001, pstmt-20000, rs-50000} Result: [2, 北京市通话区, 30, workman1]
2019-12-30 13:59:21  [ http-nio-8080-exec-1:30077 ] - [ DEBUG ]  {conn-10001, pstmt-20000, rs-50000} Result: [3, , 30, workman2]
2019-12-30 13:59:21  [ http-nio-8080-exec-1:30082 ] - [ DEBUG ]  {conn-10001, pstmt-20000, rs-50000} closed
2019-12-30 13:59:21  [ http-nio-8080-exec-1:30083 ] - [ DEBUG ]  {conn-10001, pstmt-20000} clearParameters. 
2019-12-30 13:59:21  [ http-nio-8080-exec-1:30089 ] - [ DEBUG ]  {conn-10001} commited
2019-12-30 13:59:21  [ http-nio-8080-exec-1:30089 ] - [ DEBUG ]  {conn-10001} setAutoCommit true
2019-12-30 13:59:21  [ http-nio-8080-exec-1:30195 ] - [ DEBUG ]  {conn-10001} pool-recycle
2019-12-30 14:00:47  [ main:0 ] - [ DEBUG ]  {conn-10001,procId-36} connected
2019-12-30 14:00:47  [ main:79 ] - [ DEBUG ]  {conn-10001} pool-connect
2019-12-30 14:00:47  [ main:89 ] - [ DEBUG ]  {conn-10001} pool-recycle
2019-12-30 14:00:48  [ main:490 ] - [ DEBUG ]  {conn-10001} pool-connect
2019-12-30 14:00:48  [ main:565 ] - [ DEBUG ]  {conn-10001} pool-recycle
2019-12-30 14:00:48  [ main:1171 ] - [ DEBUG ]  {conn-10001} pool-connect
2019-12-30 14:00:48  [ main:1171 ] - [ DEBUG ]  {conn-10001} pool-recycle
2019-12-30 14:00:57  [ http-nio-8080-exec-1:10150 ] - [ DEBUG ]  {conn-10001} pool-connect
2019-12-30 14:00:57  [ http-nio-8080-exec-1:10157 ] - [ DEBUG ]  {conn-10001} setAutoCommit false
2019-12-30 14:00:58  [ http-nio-8080-exec-1:10620 ] - [ DEBUG ]  {conn-10001, pstmt-20000} created. select userentity0_.t_id as t_id1_0_, userentity0_.t_address as t_addres2_0_, userentity0_.t_age as t_age3_0_, userentity0_.t_name as t_name4_0_ from t_user userentity0_
2019-12-30 14:00:58  [ http-nio-8080-exec-1:10630 ] - [ DEBUG ]  {conn-10001, pstmt-20000} Parameters : []
2019-12-30 14:00:58  [ http-nio-8080-exec-1:10631 ] - [ DEBUG ]  {conn-10001, pstmt-20000} Types : []
2019-12-30 14:00:58  [ http-nio-8080-exec-1:10638 ] - [ DEBUG ]  {conn-10001, pstmt-20000, rs-50000} query executed. 11.4579 millis. select userentity0_.t_id as t_id1_0_, userentity0_.t_address as t_addres2_0_, userentity0_.t_age as t_age3_0_, userentity0_.t_name as t_name4_0_ from t_user userentity0_
2019-12-30 14:00:58  [ http-nio-8080-exec-1:10639 ] - [ DEBUG ]  {conn-10001, pstmt-20000, rs-50000} open
2019-12-30 14:00:58  [ http-nio-8080-exec-1:10642 ] - [ DEBUG ]  {conn-10001, pstmt-20000, rs-50000} Header: [t_id, t_address, t_age, t_name]
2019-12-30 14:00:58  [ http-nio-8080-exec-1:10647 ] - [ DEBUG ]  {conn-10001, pstmt-20000, rs-50000} Result: [1, 北京市通话区, 30, workman]
2019-12-30 14:00:58  [ http-nio-8080-exec-1:10658 ] - [ DEBUG ]  {conn-10001, pstmt-20000, rs-50000} Result: [2, 北京市通话区, 30, workman1]
2019-12-30 14:00:58  [ http-nio-8080-exec-1:10658 ] - [ DEBUG ]  {conn-10001, pstmt-20000, rs-50000} Result: [3, , 30, workman2]
2019-12-30 14:00:58  [ http-nio-8080-exec-1:10663 ] - [ DEBUG ]  {conn-10001, pstmt-20000, rs-50000} closed
2019-12-30 14:00:58  [ http-nio-8080-exec-1:10664 ] - [ DEBUG ]  {conn-10001, pstmt-20000} clearParameters. 
2019-12-30 14:00:58  [ http-nio-8080-exec-1:10670 ] - [ DEBUG ]  {conn-10001} commited
2019-12-30 14:00:58  [ http-nio-8080-exec-1:10671 ] - [ DEBUG ]  {conn-10001} setAutoCommit true
2019-12-30 14:00:58  [ http-nio-8080-exec-1:10674 ] - [ DEBUG ]  {conn-10001} pool-recycle
2019-12-30 14:01:24  [ main:0 ] - [ DEBUG ]  {conn-10001,procId-37} connected
2019-12-30 14:01:24  [ main:76 ] - [ DEBUG ]  {conn-10001} pool-connect
2019-12-30 14:01:24  [ main:82 ] - [ DEBUG ]  {conn-10001} pool-recycle
2019-12-30 14:01:25  [ main:578 ] - [ DEBUG ]  {conn-10001} pool-connect
2019-12-30 14:01:25  [ main:651 ] - [ DEBUG ]  {conn-10001} pool-recycle
2019-12-30 14:01:25  [ main:1274 ] - [ DEBUG ]  {conn-10001} pool-connect
2019-12-30 14:01:25  [ main:1275 ] - [ DEBUG ]  {conn-10001} pool-recycle
2019-12-30 14:03:32  [ http-nio-8080-exec-1:127543 ] - [ DEBUG ]  {conn-10001} pool-connect
2019-12-30 14:03:32  [ http-nio-8080-exec-1:127551 ] - [ DEBUG ]  {conn-10001} setAutoCommit false
2019-12-30 14:03:32  [ http-nio-8080-exec-1:128020 ] - [ DEBUG ]  {conn-10001, pstmt-20000} created. select userentity0_.t_id as t_id1_0_, userentity0_.t_address as t_addres2_0_, userentity0_.t_age as t_age3_0_, userentity0_.t_name as t_name4_0_ from t_user userentity0_
2019-12-30 14:03:32  [ http-nio-8080-exec-1:128030 ] - [ DEBUG ]  {conn-10001, pstmt-20000} Parameters : []
2019-12-30 14:03:32  [ http-nio-8080-exec-1:128031 ] - [ DEBUG ]  {conn-10001, pstmt-20000} Types : []
2019-12-30 14:03:32  [ http-nio-8080-exec-1:128039 ] - [ DEBUG ]  {conn-10001, pstmt-20000, rs-50000} query executed. 12.6536 millis. select userentity0_.t_id as t_id1_0_, userentity0_.t_address as t_addres2_0_, userentity0_.t_age as t_age3_0_, userentity0_.t_name as t_name4_0_ from t_user userentity0_
2019-12-30 14:03:32  [ http-nio-8080-exec-1:128040 ] - [ DEBUG ]  {conn-10001, pstmt-20000, rs-50000} open
2019-12-30 14:03:32  [ http-nio-8080-exec-1:128042 ] - [ DEBUG ]  {conn-10001, pstmt-20000, rs-50000} Header: [t_id, t_address, t_age, t_name]
2019-12-30 14:03:32  [ http-nio-8080-exec-1:128046 ] - [ DEBUG ]  {conn-10001, pstmt-20000, rs-50000} Result: [1, 北京市通话区, 30, workman]
2019-12-30 14:03:32  [ http-nio-8080-exec-1:128057 ] - [ DEBUG ]  {conn-10001, pstmt-20000, rs-50000} Result: [2, 北京市通话区, 30, workman1]
2019-12-30 14:03:32  [ http-nio-8080-exec-1:128059 ] - [ DEBUG ]  {conn-10001, pstmt-20000, rs-50000} Result: [3, , 30, workman2]
2019-12-30 14:03:32  [ http-nio-8080-exec-1:128063 ] - [ DEBUG ]  {conn-10001, pstmt-20000, rs-50000} closed
2019-12-30 14:03:32  [ http-nio-8080-exec-1:128064 ] - [ DEBUG ]  {conn-10001, pstmt-20000} clearParameters. 
2019-12-30 14:03:32  [ http-nio-8080-exec-1:128070 ] - [ DEBUG ]  {conn-10001} commited
2019-12-30 14:03:32  [ http-nio-8080-exec-1:128071 ] - [ DEBUG ]  {conn-10001} setAutoCommit true
2019-12-30 14:03:32  [ http-nio-8080-exec-1:128074 ] - [ DEBUG ]  {conn-10001} pool-recycle
2020-01-01 15:19:05  [ main:0 ] - [ DEBUG ]  {conn-10001,procId-10} connected
2020-01-01 15:19:05  [ main:291 ] - [ DEBUG ]  {conn-10001} pool-connect
2020-01-01 15:19:05  [ main:299 ] - [ DEBUG ]  {conn-10001} pool-recycle
2020-01-01 15:19:06  [ main:1522 ] - [ DEBUG ]  {conn-10001} pool-connect
2020-01-01 15:19:06  [ main:1653 ] - [ DEBUG ]  {conn-10001} pool-recycle
2020-01-01 15:19:08  [ main:3091 ] - [ DEBUG ]  {conn-10001} pool-connect
2020-01-01 15:19:08  [ main:3092 ] - [ DEBUG ]  {conn-10001} pool-recycle
2020-01-01 15:19:41  [ http-nio-8080-exec-3:36699 ] - [ DEBUG ]  {conn-10001} pool-connect
2020-01-01 15:19:42  [ http-nio-8080-exec-3:37162 ] - [ DEBUG ]  {conn-10001, pstmt-20000} created. select * from t_user where age>?
2020-01-01 15:19:42  [ http-nio-8080-exec-3:37176 ] - [ DEBUG ]  {conn-10001, pstmt-20000} Parameters : [20]
2020-01-01 15:19:42  [ http-nio-8080-exec-3:37177 ] - [ DEBUG ]  {conn-10001, pstmt-20000} Types : [INTEGER]
2020-01-01 15:19:42  [ http-nio-8080-exec-3:37198 ] - [ ERROR ]  {conn-10001, pstmt-20000} execute error. select * from t_user where age>?
java.sql.SQLSyntaxErrorException: Unknown column 'age' in 'where clause'
	at com.mysql.cj.jdbc.exceptions.SQLError.createSQLException(SQLError.java:120)
	at com.mysql.cj.jdbc.exceptions.SQLError.createSQLException(SQLError.java:97)
	at com.mysql.cj.jdbc.exceptions.SQLExceptionsMapping.translateException(SQLExceptionsMapping.java:122)
	at com.mysql.cj.jdbc.ClientPreparedStatement.executeInternal(ClientPreparedStatement.java:953)
	at com.mysql.cj.jdbc.ClientPreparedStatement.executeQuery(ClientPreparedStatement.java:1003)
	at com.alibaba.druid.filter.FilterChainImpl.preparedStatement_executeQuery(FilterChainImpl.java:3240)
	at com.alibaba.druid.filter.FilterEventAdapter.preparedStatement_executeQuery(FilterEventAdapter.java:465)
	at com.alibaba.druid.filter.FilterChainImpl.preparedStatement_executeQuery(FilterChainImpl.java:3237)
	at com.alibaba.druid.wall.WallFilter.preparedStatement_executeQuery(WallFilter.java:648)
	at com.alibaba.druid.filter.FilterChainImpl.preparedStatement_executeQuery(FilterChainImpl.java:3237)
	at com.alibaba.druid.filter.FilterEventAdapter.preparedStatement_executeQuery(FilterEventAdapter.java:465)
	at com.alibaba.druid.filter.FilterChainImpl.preparedStatement_executeQuery(FilterChainImpl.java:3237)
	at com.alibaba.druid.proxy.jdbc.PreparedStatementProxyImpl.executeQuery(PreparedStatementProxyImpl.java:181)
	at com.alibaba.druid.pool.DruidPooledPreparedStatement.executeQuery(DruidPooledPreparedStatement.java:227)
	at org.hibernate.engine.jdbc.internal.ResultSetReturnImpl.extract(ResultSetReturnImpl.java:57)
	at org.hibernate.loader.Loader.getResultSet(Loader.java:2292)
	at org.hibernate.loader.Loader.executeQueryStatement(Loader.java:2050)
	at org.hibernate.loader.Loader.executeQueryStatement(Loader.java:2012)
	at org.hibernate.loader.Loader.doQuery(Loader.java:953)
	at org.hibernate.loader.Loader.doQueryAndInitializeNonLazyCollections(Loader.java:354)
	at org.hibernate.loader.Loader.doList(Loader.java:2815)
	at org.hibernate.loader.Loader.doList(Loader.java:2797)
	at org.hibernate.loader.Loader.listIgnoreQueryCache(Loader.java:2629)
	at org.hibernate.loader.Loader.list(Loader.java:2624)
	at org.hibernate.loader.custom.CustomLoader.list(CustomLoader.java:338)
	at org.hibernate.internal.SessionImpl.listCustomQuery(SessionImpl.java:2123)
	at org.hibernate.internal.AbstractSharedSessionContract.list(AbstractSharedSessionContract.java:1134)
	at org.hibernate.query.internal.NativeQueryImpl.doList(NativeQueryImpl.java:173)
	at org.hibernate.query.internal.AbstractProducedQuery.list(AbstractProducedQuery.java:1526)
	at org.hibernate.query.Query.getResultList(Query.java:165)
	at sun.reflect.NativeMethodAccessorImpl.invoke0(Native Method)
	at sun.reflect.NativeMethodAccessorImpl.invoke(NativeMethodAccessorImpl.java:62)
	at sun.reflect.DelegatingMethodAccessorImpl.invoke(DelegatingMethodAccessorImpl.java:43)
	at java.lang.reflect.Method.invoke(Method.java:498)
	at org.springframework.orm.jpa.SharedEntityManagerCreator$DeferredQueryInvocationHandler.invoke(SharedEntityManagerCreator.java:409)
	at com.sun.proxy.$Proxy97.getResultList(Unknown Source)
	at org.springframework.data.jpa.repository.query.JpaQueryExecution$CollectionExecution.doExecute(JpaQueryExecution.java:126)
	at org.springframework.data.jpa.repository.query.JpaQueryExecution.execute(JpaQueryExecution.java:88)
	at org.springframework.data.jpa.repository.query.AbstractJpaQuery.doExecute(AbstractJpaQuery.java:154)
	at org.springframework.data.jpa.repository.query.AbstractJpaQuery.execute(AbstractJpaQuery.java:142)
	at org.springframework.data.repository.core.support.RepositoryFactorySupport$QueryExecutorMethodInterceptor.doInvoke(RepositoryFactorySupport.java:618)
	at org.springframework.data.repository.core.support.RepositoryFactorySupport$QueryExecutorMethodInterceptor.invoke(RepositoryFactorySupport.java:605)
	at org.springframework.aop.framework.ReflectiveMethodInvocation.proceed(ReflectiveMethodInvocation.java:186)
	at org.springframework.data.projection.DefaultMethodInvokingMethodInterceptor.invoke(DefaultMethodInvokingMethodInterceptor.java:80)
	at org.springframework.aop.framework.ReflectiveMethodInvocation.proceed(ReflectiveMethodInvocation.java:186)
	at org.springframework.transaction.interceptor.TransactionAspectSupport.invokeWithinTransaction(TransactionAspectSupport.java:366)
	at org.springframework.transaction.interceptor.TransactionInterceptor.invoke(TransactionInterceptor.java:99)
	at org.springframework.aop.framework.ReflectiveMethodInvocation.proceed(ReflectiveMethodInvocation.java:186)
	at org.springframework.dao.support.PersistenceExceptionTranslationInterceptor.invoke(PersistenceExceptionTranslationInterceptor.java:139)
	at org.springframework.aop.framework.ReflectiveMethodInvocation.proceed(ReflectiveMethodInvocation.java:186)
	at org.springframework.data.jpa.repository.support.CrudMethodMetadataPostProcessor$CrudMethodMetadataPopulatingMethodInterceptor.invoke(CrudMethodMetadataPostProcessor.java:149)
	at org.springframework.aop.framework.ReflectiveMethodInvocation.proceed(ReflectiveMethodInvocation.java:186)
	at org.springframework.aop.interceptor.ExposeInvocationInterceptor.invoke(ExposeInvocationInterceptor.java:93)
	at org.springframework.aop.framework.ReflectiveMethodInvocation.proceed(ReflectiveMethodInvocation.java:186)
	at org.springframework.aop.framework.JdkDynamicAopProxy.invoke(JdkDynamicAopProxy.java:212)
	at com.sun.proxy.$Proxy90.nativeQuery(Unknown Source)
	at com.workman.controller.UserController.age(UserController.java:40)
	at sun.reflect.NativeMethodAccessorImpl.invoke0(Native Method)
	at sun.reflect.NativeMethodAccessorImpl.invoke(NativeMethodAccessorImpl.java:62)
	at sun.reflect.DelegatingMethodAccessorImpl.invoke(DelegatingMethodAccessorImpl.java:43)
	at java.lang.reflect.Method.invoke(Method.java:498)
	at org.springframework.web.method.support.InvocableHandlerMethod.doInvoke(InvocableHandlerMethod.java:190)
	at org.springframework.web.method.support.InvocableHandlerMethod.invokeForRequest(InvocableHandlerMethod.java:138)
	at org.springframework.web.servlet.mvc.method.annotation.ServletInvocableHandlerMethod.invokeAndHandle(ServletInvocableHandlerMethod.java:106)
	at org.springframework.web.servlet.mvc.method.annotation.RequestMappingHandlerAdapter.invokeHandlerMethod(RequestMappingHandlerAdapter.java:888)
	at org.springframework.web.servlet.mvc.method.annotation.RequestMappingHandlerAdapter.handleInternal(RequestMappingHandlerAdapter.java:793)
	at org.springframework.web.servlet.mvc.method.AbstractHandlerMethodAdapter.handle(AbstractHandlerMethodAdapter.java:87)
	at org.springframework.web.servlet.DispatcherServlet.doDispatch(DispatcherServlet.java:1040)
	at org.springframework.web.servlet.DispatcherServlet.doService(DispatcherServlet.java:943)
	at org.springframework.web.servlet.FrameworkServlet.processRequest(FrameworkServlet.java:1006)
	at org.springframework.web.servlet.FrameworkServlet.doGet(FrameworkServlet.java:898)
	at javax.servlet.http.HttpServlet.service(HttpServlet.java:634)
	at org.springframework.web.servlet.FrameworkServlet.service(FrameworkServlet.java:883)
	at javax.servlet.http.HttpServlet.service(HttpServlet.java:741)
	at org.apache.catalina.core.ApplicationFilterChain.internalDoFilter(ApplicationFilterChain.java:231)
	at org.apache.catalina.core.ApplicationFilterChain.doFilter(ApplicationFilterChain.java:166)
	at org.apache.tomcat.websocket.server.WsFilter.doFilter(WsFilter.java:53)
	at org.apache.catalina.core.ApplicationFilterChain.internalDoFilter(ApplicationFilterChain.java:193)
	at org.apache.catalina.core.ApplicationFilterChain.doFilter(ApplicationFilterChain.java:166)
	at com.alibaba.druid.support.http.WebStatFilter.doFilter(WebStatFilter.java:124)
	at org.apache.catalina.core.ApplicationFilterChain.internalDoFilter(ApplicationFilterChain.java:193)
	at org.apache.catalina.core.ApplicationFilterChain.doFilter(ApplicationFilterChain.java:166)
	at org.springframework.web.filter.CharacterEncodingFilter.doFilterInternal(CharacterEncodingFilter.java:201)
	at org.springframework.web.filter.OncePerRequestFilter.doFilter(OncePerRequestFilter.java:119)
	at org.apache.catalina.core.ApplicationFilterChain.internalDoFilter(ApplicationFilterChain.java:193)
	at org.apache.catalina.core.ApplicationFilterChain.doFilter(ApplicationFilterChain.java:166)
	at org.apache.catalina.core.StandardWrapperValve.invoke(StandardWrapperValve.java:202)
	at org.apache.catalina.core.StandardContextValve.invoke(StandardContextValve.java:96)
	at org.apache.catalina.authenticator.AuthenticatorBase.invoke(AuthenticatorBase.java:526)
	at org.apache.catalina.core.StandardHostValve.invoke(StandardHostValve.java:139)
	at org.apache.catalina.valves.ErrorReportValve.invoke(ErrorReportValve.java:92)
	at org.apache.catalina.core.StandardEngineValve.invoke(StandardEngineValve.java:74)
	at org.apache.catalina.connector.CoyoteAdapter.service(CoyoteAdapter.java:343)
	at org.apache.coyote.http11.Http11Processor.service(Http11Processor.java:367)
	at org.apache.coyote.AbstractProcessorLight.process(AbstractProcessorLight.java:65)
	at org.apache.coyote.AbstractProtocol$ConnectionHandler.process(AbstractProtocol.java:860)
	at org.apache.tomcat.util.net.NioEndpoint$SocketProcessor.doRun(NioEndpoint.java:1591)
	at org.apache.tomcat.util.net.SocketProcessorBase.run(SocketProcessorBase.java:49)
	at java.util.concurrent.ThreadPoolExecutor.runWorker(ThreadPoolExecutor.java:1142)
	at java.util.concurrent.ThreadPoolExecutor$Worker.run(ThreadPoolExecutor.java:617)
	at org.apache.tomcat.util.threads.TaskThread$WrappingRunnable.run(TaskThread.java:61)
	at java.lang.Thread.run(Thread.java:745)
2020-01-01 15:19:42  [ http-nio-8080-exec-3:37228 ] - [ DEBUG ]  {conn-10001, pstmt-20000} clearParameters. 
2020-01-01 15:19:42  [ http-nio-8080-exec-3:37228 ] - [ DEBUG ]  {conn-10001, pstmt-20000} closed
2020-01-01 15:19:42  [ http-nio-8080-exec-3:37243 ] - [ DEBUG ]  {conn-10001} pool-recycle
2020-01-01 15:20:33  [ main:0 ] - [ DEBUG ]  {conn-10001,procId-11} connected
2020-01-01 15:20:33  [ main:73 ] - [ DEBUG ]  {conn-10001} pool-connect
2020-01-01 15:20:33  [ main:80 ] - [ DEBUG ]  {conn-10001} pool-recycle
2020-01-01 15:20:33  [ main:449 ] - [ DEBUG ]  {conn-10001} pool-connect
2020-01-01 15:20:33  [ main:521 ] - [ DEBUG ]  {conn-10001} pool-recycle
2020-01-01 15:20:34  [ main:1104 ] - [ DEBUG ]  {conn-10001} pool-connect
2020-01-01 15:20:34  [ main:1105 ] - [ DEBUG ]  {conn-10001} pool-recycle
2020-01-01 15:20:43  [ http-nio-8080-exec-1:10890 ] - [ DEBUG ]  {conn-10001} pool-connect
2020-01-01 15:20:44  [ http-nio-8080-exec-1:11296 ] - [ DEBUG ]  {conn-10001, pstmt-20000} created. select * from t_user where t_age>?
2020-01-01 15:20:44  [ http-nio-8080-exec-1:11310 ] - [ DEBUG ]  {conn-10001, pstmt-20000} Parameters : [20]
2020-01-01 15:20:44  [ http-nio-8080-exec-1:11310 ] - [ DEBUG ]  {conn-10001, pstmt-20000} Types : [INTEGER]
2020-01-01 15:20:44  [ http-nio-8080-exec-1:11318 ] - [ DEBUG ]  {conn-10001, pstmt-20000, rs-50000} query executed. 11.883 millis. select * from t_user where t_age>?
2020-01-01 15:20:44  [ http-nio-8080-exec-1:11319 ] - [ DEBUG ]  {conn-10001, pstmt-20000, rs-50000} open
2020-01-01 15:20:44  [ http-nio-8080-exec-1:11322 ] - [ DEBUG ]  {conn-10001, pstmt-20000, rs-50000} Header: [t_id, t_name, t_age, t_address, t_pwd]
2020-01-01 15:20:44  [ http-nio-8080-exec-1:11383 ] - [ DEBUG ]  {conn-10001, pstmt-20000, rs-50000} Result: [1, workman, 30, 北京市通话区, 123456]
2020-01-01 15:20:44  [ http-nio-8080-exec-1:11440 ] - [ DEBUG ]  {conn-10001, pstmt-20000, rs-50000} closed
2020-01-01 15:20:44  [ http-nio-8080-exec-1:11442 ] - [ DEBUG ]  {conn-10001, pstmt-20000} clearParameters. 
2020-01-01 15:20:44  [ http-nio-8080-exec-1:11456 ] - [ DEBUG ]  {conn-10001} pool-recycle
2020-01-01 15:28:34  [ main:0 ] - [ DEBUG ]  {conn-10001,procId-12} connected
2020-01-01 15:28:34  [ main:75 ] - [ DEBUG ]  {conn-10001} pool-connect
2020-01-01 15:28:35  [ main:83 ] - [ DEBUG ]  {conn-10001} pool-recycle
2020-01-01 15:28:35  [ main:471 ] - [ DEBUG ]  {conn-10001} pool-connect
2020-01-01 15:28:35  [ main:551 ] - [ DEBUG ]  {conn-10001} pool-recycle
2020-01-01 15:28:36  [ main:1188 ] - [ DEBUG ]  {conn-10001} pool-connect
2020-01-01 15:28:36  [ main:1189 ] - [ DEBUG ]  {conn-10001} pool-recycle
2020-01-01 15:28:56  [ http-nio-8080-exec-1:21151 ] - [ DEBUG ]  {conn-10001} pool-connect
2020-01-01 15:28:56  [ http-nio-8080-exec-1:21155 ] - [ DEBUG ]  {conn-10001} setAutoCommit false
2020-01-01 15:28:56  [ http-nio-8080-exec-1:21564 ] - [ DEBUG ]  {conn-10001, pstmt-20000} created. select * from t_user where t_name=? and t_pwd=?
2020-01-01 15:28:56  [ http-nio-8080-exec-1:21577 ] - [ DEBUG ]  {conn-10001, pstmt-20000} Parameters : [workman2, 123456]
2020-01-01 15:28:56  [ http-nio-8080-exec-1:21578 ] - [ DEBUG ]  {conn-10001, pstmt-20000} Types : [VARCHAR, VARCHAR]
2020-01-01 15:28:56  [ http-nio-8080-exec-1:21580 ] - [ ERROR ]  {conn-10001, pstmt-20000} execute error. select * from t_user where t_name=? and t_pwd=?
java.sql.SQLException: Can not issue executeUpdate() or executeLargeUpdate() for SELECTs
	at com.mysql.cj.jdbc.exceptions.SQLError.createSQLException(SQLError.java:129)
	at com.mysql.cj.jdbc.exceptions.SQLError.createSQLException(SQLError.java:97)
	at com.mysql.cj.jdbc.exceptions.SQLError.createSQLException(SQLError.java:89)
	at com.mysql.cj.jdbc.exceptions.SQLError.createSQLException(SQLError.java:63)
	at com.mysql.cj.jdbc.ClientPreparedStatement.executeUpdateInternal(ClientPreparedStatement.java:1069)
	at com.mysql.cj.jdbc.ClientPreparedStatement.executeUpdateInternal(ClientPreparedStatement.java:1040)
	at com.mysql.cj.jdbc.ClientPreparedStatement.executeLargeUpdate(ClientPreparedStatement.java:1347)
	at com.mysql.cj.jdbc.ClientPreparedStatement.executeUpdate(ClientPreparedStatement.java:1025)
	at com.alibaba.druid.filter.FilterChainImpl.preparedStatement_executeUpdate(FilterChainImpl.java:3253)
	at com.alibaba.druid.filter.FilterAdapter.preparedStatement_executeUpdate(FilterAdapter.java:1092)
	at com.alibaba.druid.filter.FilterEventAdapter.preparedStatement_executeUpdate(FilterEventAdapter.java:491)
	at com.alibaba.druid.filter.FilterChainImpl.preparedStatement_executeUpdate(FilterChainImpl.java:3251)
	at com.alibaba.druid.wall.WallFilter.preparedStatement_executeUpdate(WallFilter.java:662)
	at com.alibaba.druid.filter.FilterChainImpl.preparedStatement_executeUpdate(FilterChainImpl.java:3251)
	at com.alibaba.druid.filter.FilterAdapter.preparedStatement_executeUpdate(FilterAdapter.java:1092)
	at com.alibaba.druid.filter.FilterEventAdapter.preparedStatement_executeUpdate(FilterEventAdapter.java:491)
	at com.alibaba.druid.filter.FilterChainImpl.preparedStatement_executeUpdate(FilterChainImpl.java:3251)
	at com.alibaba.druid.proxy.jdbc.PreparedStatementProxyImpl.executeUpdate(PreparedStatementProxyImpl.java:194)
	at com.alibaba.druid.pool.DruidPooledPreparedStatement.executeUpdate(DruidPooledPreparedStatement.java:255)
	at org.hibernate.engine.jdbc.internal.ResultSetReturnImpl.executeUpdate(ResultSetReturnImpl.java:197)
	at org.hibernate.engine.query.spi.NativeSQLQueryPlan.performExecuteUpdate(NativeSQLQueryPlan.java:107)
	at org.hibernate.internal.SessionImpl.executeNativeUpdate(SessionImpl.java:1491)
	at org.hibernate.query.internal.NativeQueryImpl.doExecuteUpdate(NativeQueryImpl.java:295)
	at org.hibernate.query.internal.AbstractProducedQuery.executeUpdate(AbstractProducedQuery.java:1605)
	at org.springframework.data.jpa.repository.query.JpaQueryExecution$ModifyingExecution.doExecute(JpaQueryExecution.java:238)
	at org.springframework.data.jpa.repository.query.JpaQueryExecution.execute(JpaQueryExecution.java:88)
	at org.springframework.data.jpa.repository.query.AbstractJpaQuery.doExecute(AbstractJpaQuery.java:154)
	at org.springframework.data.jpa.repository.query.AbstractJpaQuery.execute(AbstractJpaQuery.java:142)
	at org.springframework.data.repository.core.support.RepositoryFactorySupport$QueryExecutorMethodInterceptor.doInvoke(RepositoryFactorySupport.java:618)
	at org.springframework.data.repository.core.support.RepositoryFactorySupport$QueryExecutorMethodInterceptor.invoke(RepositoryFactorySupport.java:605)
	at org.springframework.aop.framework.ReflectiveMethodInvocation.proceed(ReflectiveMethodInvocation.java:186)
	at org.springframework.data.projection.DefaultMethodInvokingMethodInterceptor.invoke(DefaultMethodInvokingMethodInterceptor.java:80)
	at org.springframework.aop.framework.ReflectiveMethodInvocation.proceed(ReflectiveMethodInvocation.java:186)
	at org.springframework.transaction.interceptor.TransactionAspectSupport.invokeWithinTransaction(TransactionAspectSupport.java:366)
	at org.springframework.transaction.interceptor.TransactionInterceptor.invoke(TransactionInterceptor.java:99)
	at org.springframework.aop.framework.ReflectiveMethodInvocation.proceed(ReflectiveMethodInvocation.java:186)
	at org.springframework.dao.support.PersistenceExceptionTranslationInterceptor.invoke(PersistenceExceptionTranslationInterceptor.java:139)
	at org.springframework.aop.framework.ReflectiveMethodInvocation.proceed(ReflectiveMethodInvocation.java:186)
	at org.springframework.data.jpa.repository.support.CrudMethodMetadataPostProcessor$CrudMethodMetadataPopulatingMethodInterceptor.invoke(CrudMethodMetadataPostProcessor.java:149)
	at org.springframework.aop.framework.ReflectiveMethodInvocation.proceed(ReflectiveMethodInvocation.java:186)
	at org.springframework.aop.interceptor.ExposeInvocationInterceptor.invoke(ExposeInvocationInterceptor.java:93)
	at org.springframework.aop.framework.ReflectiveMethodInvocation.proceed(ReflectiveMethodInvocation.java:186)
	at org.springframework.aop.framework.JdkDynamicAopProxy.invoke(JdkDynamicAopProxy.java:212)
	at com.sun.proxy.$Proxy93.deleteQuery(Unknown Source)
	at com.workman.controller.UserController.deleteWhere(UserController.java:45)
	at sun.reflect.NativeMethodAccessorImpl.invoke0(Native Method)
	at sun.reflect.NativeMethodAccessorImpl.invoke(NativeMethodAccessorImpl.java:62)
	at sun.reflect.DelegatingMethodAccessorImpl.invoke(DelegatingMethodAccessorImpl.java:43)
	at java.lang.reflect.Method.invoke(Method.java:498)
	at org.springframework.web.method.support.InvocableHandlerMethod.doInvoke(InvocableHandlerMethod.java:190)
	at org.springframework.web.method.support.InvocableHandlerMethod.invokeForRequest(InvocableHandlerMethod.java:138)
	at org.springframework.web.servlet.mvc.method.annotation.ServletInvocableHandlerMethod.invokeAndHandle(ServletInvocableHandlerMethod.java:106)
	at org.springframework.web.servlet.mvc.method.annotation.RequestMappingHandlerAdapter.invokeHandlerMethod(RequestMappingHandlerAdapter.java:888)
	at org.springframework.web.servlet.mvc.method.annotation.RequestMappingHandlerAdapter.handleInternal(RequestMappingHandlerAdapter.java:793)
	at org.springframework.web.servlet.mvc.method.AbstractHandlerMethodAdapter.handle(AbstractHandlerMethodAdapter.java:87)
	at org.springframework.web.servlet.DispatcherServlet.doDispatch(DispatcherServlet.java:1040)
	at org.springframework.web.servlet.DispatcherServlet.doService(DispatcherServlet.java:943)
	at org.springframework.web.servlet.FrameworkServlet.processRequest(FrameworkServlet.java:1006)
	at org.springframework.web.servlet.FrameworkServlet.doGet(FrameworkServlet.java:898)
	at javax.servlet.http.HttpServlet.service(HttpServlet.java:634)
	at org.springframework.web.servlet.FrameworkServlet.service(FrameworkServlet.java:883)
	at javax.servlet.http.HttpServlet.service(HttpServlet.java:741)
	at org.apache.catalina.core.ApplicationFilterChain.internalDoFilter(ApplicationFilterChain.java:231)
	at org.apache.catalina.core.ApplicationFilterChain.doFilter(ApplicationFilterChain.java:166)
	at org.apache.tomcat.websocket.server.WsFilter.doFilter(WsFilter.java:53)
	at org.apache.catalina.core.ApplicationFilterChain.internalDoFilter(ApplicationFilterChain.java:193)
	at org.apache.catalina.core.ApplicationFilterChain.doFilter(ApplicationFilterChain.java:166)
	at com.alibaba.druid.support.http.WebStatFilter.doFilter(WebStatFilter.java:124)
	at org.apache.catalina.core.ApplicationFilterChain.internalDoFilter(ApplicationFilterChain.java:193)
	at org.apache.catalina.core.ApplicationFilterChain.doFilter(ApplicationFilterChain.java:166)
	at org.springframework.web.filter.CharacterEncodingFilter.doFilterInternal(CharacterEncodingFilter.java:201)
	at org.springframework.web.filter.OncePerRequestFilter.doFilter(OncePerRequestFilter.java:119)
	at org.apache.catalina.core.ApplicationFilterChain.internalDoFilter(ApplicationFilterChain.java:193)
	at org.apache.catalina.core.ApplicationFilterChain.doFilter(ApplicationFilterChain.java:166)
	at org.apache.catalina.core.StandardWrapperValve.invoke(StandardWrapperValve.java:202)
	at org.apache.catalina.core.StandardContextValve.invoke(StandardContextValve.java:96)
	at org.apache.catalina.authenticator.AuthenticatorBase.invoke(AuthenticatorBase.java:526)
	at org.apache.catalina.core.StandardHostValve.invoke(StandardHostValve.java:139)
	at org.apache.catalina.valves.ErrorReportValve.invoke(ErrorReportValve.java:92)
	at org.apache.catalina.core.StandardEngineValve.invoke(StandardEngineValve.java:74)
	at org.apache.catalina.connector.CoyoteAdapter.service(CoyoteAdapter.java:343)
	at org.apache.coyote.http11.Http11Processor.service(Http11Processor.java:367)
	at org.apache.coyote.AbstractProcessorLight.process(AbstractProcessorLight.java:65)
	at org.apache.coyote.AbstractProtocol$ConnectionHandler.process(AbstractProtocol.java:860)
	at org.apache.tomcat.util.net.NioEndpoint$SocketProcessor.doRun(NioEndpoint.java:1591)
	at org.apache.tomcat.util.net.SocketProcessorBase.run(SocketProcessorBase.java:49)
	at java.util.concurrent.ThreadPoolExecutor.runWorker(ThreadPoolExecutor.java:1142)
	at java.util.concurrent.ThreadPoolExecutor$Worker.run(ThreadPoolExecutor.java:617)
	at org.apache.tomcat.util.threads.TaskThread$WrappingRunnable.run(TaskThread.java:61)
	at java.lang.Thread.run(Thread.java:745)
2020-01-01 15:28:56  [ http-nio-8080-exec-1:21605 ] - [ DEBUG ]  {conn-10001, pstmt-20000} clearParameters. 
2020-01-01 15:28:56  [ http-nio-8080-exec-1:21606 ] - [ DEBUG ]  {conn-10001, pstmt-20000} closed
2020-01-01 15:28:56  [ http-nio-8080-exec-1:21613 ] - [ DEBUG ]  {conn 10001} rollback
2020-01-01 15:28:56  [ http-nio-8080-exec-1:21615 ] - [ DEBUG ]  {conn-10001} setAutoCommit true
2020-01-01 15:28:56  [ http-nio-8080-exec-1:21618 ] - [ DEBUG ]  {conn-10001} pool-recycle
2020-01-01 15:29:57  [ main:0 ] - [ DEBUG ]  {conn-10001,procId-13} connected
2020-01-01 15:29:57  [ main:101 ] - [ DEBUG ]  {conn-10001} pool-connect
2020-01-01 15:29:57  [ main:109 ] - [ DEBUG ]  {conn-10001} pool-recycle
2020-01-01 15:29:57  [ main:534 ] - [ DEBUG ]  {conn-10001} pool-connect
2020-01-01 15:29:57  [ main:603 ] - [ DEBUG ]  {conn-10001} pool-recycle
2020-01-01 15:29:58  [ main:1210 ] - [ DEBUG ]  {conn-10001} pool-connect
2020-01-01 15:29:58  [ main:1212 ] - [ DEBUG ]  {conn-10001} pool-recycle
2020-01-01 15:30:39  [ http-nio-8080-exec-1:41836 ] - [ DEBUG ]  {conn-10001} pool-connect
2020-01-01 15:30:39  [ http-nio-8080-exec-1:41841 ] - [ DEBUG ]  {conn-10001} setAutoCommit false
2020-01-01 15:30:39  [ http-nio-8080-exec-1:42287 ] - [ DEBUG ]  {conn-10001, pstmt-20000} created. select * from t_user where t_name=? and t_pwd=?
2020-01-01 15:30:39  [ http-nio-8080-exec-1:42300 ] - [ DEBUG ]  {conn-10001, pstmt-20000} Parameters : [workman2, 123456]
2020-01-01 15:30:39  [ http-nio-8080-exec-1:42301 ] - [ DEBUG ]  {conn-10001, pstmt-20000} Types : [VARCHAR, VARCHAR]
2020-01-01 15:30:39  [ http-nio-8080-exec-1:42304 ] - [ ERROR ]  {conn-10001, pstmt-20000} execute error. select * from t_user where t_name=? and t_pwd=?
java.sql.SQLException: Can not issue executeUpdate() or executeLargeUpdate() for SELECTs
	at com.mysql.cj.jdbc.exceptions.SQLError.createSQLException(SQLError.java:129)
	at com.mysql.cj.jdbc.exceptions.SQLError.createSQLException(SQLError.java:97)
	at com.mysql.cj.jdbc.exceptions.SQLError.createSQLException(SQLError.java:89)
	at com.mysql.cj.jdbc.exceptions.SQLError.createSQLException(SQLError.java:63)
	at com.mysql.cj.jdbc.ClientPreparedStatement.executeUpdateInternal(ClientPreparedStatement.java:1069)
	at com.mysql.cj.jdbc.ClientPreparedStatement.executeUpdateInternal(ClientPreparedStatement.java:1040)
	at com.mysql.cj.jdbc.ClientPreparedStatement.executeLargeUpdate(ClientPreparedStatement.java:1347)
	at com.mysql.cj.jdbc.ClientPreparedStatement.executeUpdate(ClientPreparedStatement.java:1025)
	at com.alibaba.druid.filter.FilterChainImpl.preparedStatement_executeUpdate(FilterChainImpl.java:3253)
	at com.alibaba.druid.filter.FilterAdapter.preparedStatement_executeUpdate(FilterAdapter.java:1092)
	at com.alibaba.druid.filter.FilterEventAdapter.preparedStatement_executeUpdate(FilterEventAdapter.java:491)
	at com.alibaba.druid.filter.FilterChainImpl.preparedStatement_executeUpdate(FilterChainImpl.java:3251)
	at com.alibaba.druid.wall.WallFilter.preparedStatement_executeUpdate(WallFilter.java:662)
	at com.alibaba.druid.filter.FilterChainImpl.preparedStatement_executeUpdate(FilterChainImpl.java:3251)
	at com.alibaba.druid.filter.FilterAdapter.preparedStatement_executeUpdate(FilterAdapter.java:1092)
	at com.alibaba.druid.filter.FilterEventAdapter.preparedStatement_executeUpdate(FilterEventAdapter.java:491)
	at com.alibaba.druid.filter.FilterChainImpl.preparedStatement_executeUpdate(FilterChainImpl.java:3251)
	at com.alibaba.druid.proxy.jdbc.PreparedStatementProxyImpl.executeUpdate(PreparedStatementProxyImpl.java:194)
	at com.alibaba.druid.pool.DruidPooledPreparedStatement.executeUpdate(DruidPooledPreparedStatement.java:255)
	at org.hibernate.engine.jdbc.internal.ResultSetReturnImpl.executeUpdate(ResultSetReturnImpl.java:197)
	at org.hibernate.engine.query.spi.NativeSQLQueryPlan.performExecuteUpdate(NativeSQLQueryPlan.java:107)
	at org.hibernate.internal.SessionImpl.executeNativeUpdate(SessionImpl.java:1491)
	at org.hibernate.query.internal.NativeQueryImpl.doExecuteUpdate(NativeQueryImpl.java:295)
	at org.hibernate.query.internal.AbstractProducedQuery.executeUpdate(AbstractProducedQuery.java:1605)
	at org.springframework.data.jpa.repository.query.JpaQueryExecution$ModifyingExecution.doExecute(JpaQueryExecution.java:238)
	at org.springframework.data.jpa.repository.query.JpaQueryExecution.execute(JpaQueryExecution.java:88)
	at org.springframework.data.jpa.repository.query.AbstractJpaQuery.doExecute(AbstractJpaQuery.java:154)
	at org.springframework.data.jpa.repository.query.AbstractJpaQuery.execute(AbstractJpaQuery.java:142)
	at org.springframework.data.repository.core.support.RepositoryFactorySupport$QueryExecutorMethodInterceptor.doInvoke(RepositoryFactorySupport.java:618)
	at org.springframework.data.repository.core.support.RepositoryFactorySupport$QueryExecutorMethodInterceptor.invoke(RepositoryFactorySupport.java:605)
	at org.springframework.aop.framework.ReflectiveMethodInvocation.proceed(ReflectiveMethodInvocation.java:186)
	at org.springframework.data.projection.DefaultMethodInvokingMethodInterceptor.invoke(DefaultMethodInvokingMethodInterceptor.java:80)
	at org.springframework.aop.framework.ReflectiveMethodInvocation.proceed(ReflectiveMethodInvocation.java:186)
	at org.springframework.transaction.interceptor.TransactionAspectSupport.invokeWithinTransaction(TransactionAspectSupport.java:366)
	at org.springframework.transaction.interceptor.TransactionInterceptor.invoke(TransactionInterceptor.java:99)
	at org.springframework.aop.framework.ReflectiveMethodInvocation.proceed(ReflectiveMethodInvocation.java:186)
	at org.springframework.dao.support.PersistenceExceptionTranslationInterceptor.invoke(PersistenceExceptionTranslationInterceptor.java:139)
	at org.springframework.aop.framework.ReflectiveMethodInvocation.proceed(ReflectiveMethodInvocation.java:186)
	at org.springframework.data.jpa.repository.support.CrudMethodMetadataPostProcessor$CrudMethodMetadataPopulatingMethodInterceptor.invoke(CrudMethodMetadataPostProcessor.java:149)
	at org.springframework.aop.framework.ReflectiveMethodInvocation.proceed(ReflectiveMethodInvocation.java:186)
	at org.springframework.aop.interceptor.ExposeInvocationInterceptor.invoke(ExposeInvocationInterceptor.java:93)
	at org.springframework.aop.framework.ReflectiveMethodInvocation.proceed(ReflectiveMethodInvocation.java:186)
	at org.springframework.aop.framework.JdkDynamicAopProxy.invoke(JdkDynamicAopProxy.java:212)
	at com.sun.proxy.$Proxy93.deleteQuery(Unknown Source)
	at com.workman.controller.UserController.deleteWhere(UserController.java:45)
	at sun.reflect.NativeMethodAccessorImpl.invoke0(Native Method)
	at sun.reflect.NativeMethodAccessorImpl.invoke(NativeMethodAccessorImpl.java:62)
	at sun.reflect.DelegatingMethodAccessorImpl.invoke(DelegatingMethodAccessorImpl.java:43)
	at java.lang.reflect.Method.invoke(Method.java:498)
	at org.springframework.web.method.support.InvocableHandlerMethod.doInvoke(InvocableHandlerMethod.java:190)
	at org.springframework.web.method.support.InvocableHandlerMethod.invokeForRequest(InvocableHandlerMethod.java:138)
	at org.springframework.web.servlet.mvc.method.annotation.ServletInvocableHandlerMethod.invokeAndHandle(ServletInvocableHandlerMethod.java:106)
	at org.springframework.web.servlet.mvc.method.annotation.RequestMappingHandlerAdapter.invokeHandlerMethod(RequestMappingHandlerAdapter.java:888)
	at org.springframework.web.servlet.mvc.method.annotation.RequestMappingHandlerAdapter.handleInternal(RequestMappingHandlerAdapter.java:793)
	at org.springframework.web.servlet.mvc.method.AbstractHandlerMethodAdapter.handle(AbstractHandlerMethodAdapter.java:87)
	at org.springframework.web.servlet.DispatcherServlet.doDispatch(DispatcherServlet.java:1040)
	at org.springframework.web.servlet.DispatcherServlet.doService(DispatcherServlet.java:943)
	at org.springframework.web.servlet.FrameworkServlet.processRequest(FrameworkServlet.java:1006)
	at org.springframework.web.servlet.FrameworkServlet.doGet(FrameworkServlet.java:898)
	at javax.servlet.http.HttpServlet.service(HttpServlet.java:634)
	at org.springframework.web.servlet.FrameworkServlet.service(FrameworkServlet.java:883)
	at javax.servlet.http.HttpServlet.service(HttpServlet.java:741)
	at org.apache.catalina.core.ApplicationFilterChain.internalDoFilter(ApplicationFilterChain.java:231)
	at org.apache.catalina.core.ApplicationFilterChain.doFilter(ApplicationFilterChain.java:166)
	at org.apache.tomcat.websocket.server.WsFilter.doFilter(WsFilter.java:53)
	at org.apache.catalina.core.ApplicationFilterChain.internalDoFilter(ApplicationFilterChain.java:193)
	at org.apache.catalina.core.ApplicationFilterChain.doFilter(ApplicationFilterChain.java:166)
	at com.alibaba.druid.support.http.WebStatFilter.doFilter(WebStatFilter.java:124)
	at org.apache.catalina.core.ApplicationFilterChain.internalDoFilter(ApplicationFilterChain.java:193)
	at org.apache.catalina.core.ApplicationFilterChain.doFilter(ApplicationFilterChain.java:166)
	at org.springframework.web.filter.CharacterEncodingFilter.doFilterInternal(CharacterEncodingFilter.java:201)
	at org.springframework.web.filter.OncePerRequestFilter.doFilter(OncePerRequestFilter.java:119)
	at org.apache.catalina.core.ApplicationFilterChain.internalDoFilter(ApplicationFilterChain.java:193)
	at org.apache.catalina.core.ApplicationFilterChain.doFilter(ApplicationFilterChain.java:166)
	at org.apache.catalina.core.StandardWrapperValve.invoke(StandardWrapperValve.java:202)
	at org.apache.catalina.core.StandardContextValve.invoke(StandardContextValve.java:96)
	at org.apache.catalina.authenticator.AuthenticatorBase.invoke(AuthenticatorBase.java:526)
	at org.apache.catalina.core.StandardHostValve.invoke(StandardHostValve.java:139)
	at org.apache.catalina.valves.ErrorReportValve.invoke(ErrorReportValve.java:92)
	at org.apache.catalina.core.StandardEngineValve.invoke(StandardEngineValve.java:74)
	at org.apache.catalina.connector.CoyoteAdapter.service(CoyoteAdapter.java:343)
	at org.apache.coyote.http11.Http11Processor.service(Http11Processor.java:367)
	at org.apache.coyote.AbstractProcessorLight.process(AbstractProcessorLight.java:65)
	at org.apache.coyote.AbstractProtocol$ConnectionHandler.process(AbstractProtocol.java:860)
	at org.apache.tomcat.util.net.NioEndpoint$SocketProcessor.doRun(NioEndpoint.java:1591)
	at org.apache.tomcat.util.net.SocketProcessorBase.run(SocketProcessorBase.java:49)
	at java.util.concurrent.ThreadPoolExecutor.runWorker(ThreadPoolExecutor.java:1142)
	at java.util.concurrent.ThreadPoolExecutor$Worker.run(ThreadPoolExecutor.java:617)
	at org.apache.tomcat.util.threads.TaskThread$WrappingRunnable.run(TaskThread.java:61)
	at java.lang.Thread.run(Thread.java:745)
2020-01-01 15:30:39  [ http-nio-8080-exec-1:42312 ] - [ DEBUG ]  {conn-10001, pstmt-20000} clearParameters. 
2020-01-01 15:30:39  [ http-nio-8080-exec-1:42313 ] - [ DEBUG ]  {conn-10001, pstmt-20000} closed
2020-01-01 15:30:39  [ http-nio-8080-exec-1:42323 ] - [ DEBUG ]  {conn 10001} rollback
2020-01-01 15:30:39  [ http-nio-8080-exec-1:42324 ] - [ DEBUG ]  {conn-10001} setAutoCommit true
2020-01-01 15:30:39  [ http-nio-8080-exec-1:42327 ] - [ DEBUG ]  {conn-10001} pool-recycle
2020-01-01 15:31:55  [ main:0 ] - [ DEBUG ]  {conn-10001,procId-14} connected
2020-01-01 15:31:55  [ main:87 ] - [ DEBUG ]  {conn-10001} pool-connect
2020-01-01 15:31:55  [ main:96 ] - [ DEBUG ]  {conn-10001} pool-recycle
2020-01-01 15:31:55  [ main:506 ] - [ DEBUG ]  {conn-10001} pool-connect
2020-01-01 15:31:55  [ main:579 ] - [ DEBUG ]  {conn-10001} pool-recycle
2020-01-01 15:31:56  [ main:1169 ] - [ DEBUG ]  {conn-10001} pool-connect
2020-01-01 15:31:56  [ main:1170 ] - [ DEBUG ]  {conn-10001} pool-recycle
2020-01-01 15:33:44  [ http-nio-8080-exec-1:109215 ] - [ DEBUG ]  {conn-10001} pool-connect
2020-01-01 15:33:44  [ http-nio-8080-exec-1:109218 ] - [ DEBUG ]  {conn-10001} setAutoCommit false
2020-01-01 15:33:44  [ http-nio-8080-exec-1:109660 ] - [ DEBUG ]  {conn-10001, pstmt-20000} created. delete from t_user where t_name=? and t_pwd=?
2020-01-01 15:33:44  [ http-nio-8080-exec-1:109674 ] - [ DEBUG ]  {conn-10001, pstmt-20000} Parameters : [workman2, 123456]
2020-01-01 15:33:44  [ http-nio-8080-exec-1:109674 ] - [ DEBUG ]  {conn-10001, pstmt-20000} Types : [VARCHAR, VARCHAR]
2020-01-01 15:33:44  [ http-nio-8080-exec-1:109677 ] - [ DEBUG ]  {conn-10001, pstmt-20000} update executed. effort 1. 7.0975 millis. delete from t_user where t_name=? and t_pwd=?
2020-01-01 15:33:44  [ http-nio-8080-exec-1:109678 ] - [ DEBUG ]  {conn-10001, pstmt-20000} clearParameters. 
2020-01-01 15:33:44  [ http-nio-8080-exec-1:109686 ] - [ DEBUG ]  {conn-10001} commited
2020-01-01 15:33:44  [ http-nio-8080-exec-1:109686 ] - [ DEBUG ]  {conn-10001} setAutoCommit true
2020-01-01 15:33:44  [ http-nio-8080-exec-1:109700 ] - [ DEBUG ]  {conn-10001} pool-recycle
2020-01-01 16:08:52  [ main:0 ] - [ DEBUG ]  {conn-10001,procId-15} connected
2020-01-01 16:08:52  [ main:78 ] - [ DEBUG ]  {conn-10001} pool-connect
2020-01-01 16:08:52  [ main:85 ] - [ DEBUG ]  {conn-10001} pool-recycle
2020-01-01 16:08:53  [ main:448 ] - [ DEBUG ]  {conn-10001} pool-connect
2020-01-01 16:08:53  [ main:520 ] - [ DEBUG ]  {conn-10001} pool-recycle
2020-01-01 16:08:53  [ main:1134 ] - [ DEBUG ]  {conn-10001} pool-connect
2020-01-01 16:08:53  [ main:1135 ] - [ DEBUG ]  {conn-10001} pool-recycle
2020-01-01 16:10:13  [ http-nio-8080-exec-3:80892 ] - [ DEBUG ]  {conn-10001} pool-connect
2020-01-01 16:10:13  [ http-nio-8080-exec-3:80897 ] - [ DEBUG ]  {conn-10001} setAutoCommit false
2020-01-01 16:10:14  [ http-nio-8080-exec-3:81652 ] - [ DEBUG ]  {conn-10001, pstmt-20000} created. select userentity0_.t_id as t_id1_0_, userentity0_.t_address as t_addres2_0_, userentity0_.t_age as t_age3_0_, userentity0_.t_name as t_name4_0_ from t_user userentity0_ order by userentity0_.t_id desc limit ?
2020-01-01 16:10:14  [ http-nio-8080-exec-3:81664 ] - [ DEBUG ]  {conn-10001, pstmt-20000} Parameters : [2]
2020-01-01 16:10:14  [ http-nio-8080-exec-3:81664 ] - [ DEBUG ]  {conn-10001, pstmt-20000} Types : [INTEGER]
2020-01-01 16:10:14  [ http-nio-8080-exec-3:81674 ] - [ DEBUG ]  {conn-10001, pstmt-20000, rs-50000} query executed. 13.9767 millis. select userentity0_.t_id as t_id1_0_, userentity0_.t_address as t_addres2_0_, userentity0_.t_age as t_age3_0_, userentity0_.t_name as t_name4_0_ from t_user userentity0_ order by userentity0_.t_id desc limit ?
2020-01-01 16:10:14  [ http-nio-8080-exec-3:81674 ] - [ DEBUG ]  {conn-10001, pstmt-20000, rs-50000} open
2020-01-01 16:10:14  [ http-nio-8080-exec-3:81677 ] - [ DEBUG ]  {conn-10001, pstmt-20000, rs-50000} Header: [t_id, t_address, t_age, t_name]
2020-01-01 16:10:14  [ http-nio-8080-exec-3:81681 ] - [ DEBUG ]  {conn-10001, pstmt-20000, rs-50000} Result: [2, 北京市通话区, 19, workman1]
2020-01-01 16:10:14  [ http-nio-8080-exec-3:81693 ] - [ DEBUG ]  {conn-10001, pstmt-20000, rs-50000} Result: [1, 北京市通话区, 30, workman]
2020-01-01 16:10:14  [ http-nio-8080-exec-3:81697 ] - [ DEBUG ]  {conn-10001, pstmt-20000, rs-50000} closed
2020-01-01 16:10:14  [ http-nio-8080-exec-3:81698 ] - [ DEBUG ]  {conn-10001, pstmt-20000} clearParameters. 
2020-01-01 16:10:14  [ http-nio-8080-exec-3:81742 ] - [ DEBUG ]  {conn-10001, pstmt-20001} created. select count(userentity0_.t_id) as col_0_0_ from t_user userentity0_
2020-01-01 16:10:14  [ http-nio-8080-exec-3:81743 ] - [ DEBUG ]  {conn-10001, pstmt-20001} Parameters : []
2020-01-01 16:10:14  [ http-nio-8080-exec-3:81744 ] - [ DEBUG ]  {conn-10001, pstmt-20001} Types : []
2020-01-01 16:10:14  [ http-nio-8080-exec-3:81799 ] - [ DEBUG ]  {conn-10001, pstmt-20001, rs-50001} query executed. 56.2479 millis. select count(userentity0_.t_id) as col_0_0_ from t_user userentity0_
2020-01-01 16:10:14  [ http-nio-8080-exec-3:81799 ] - [ DEBUG ]  {conn-10001, pstmt-20001, rs-50001} open
2020-01-01 16:10:14  [ http-nio-8080-exec-3:81800 ] - [ DEBUG ]  {conn-10001, pstmt-20001, rs-50001} Header: [col_0_0_]
2020-01-01 16:10:14  [ http-nio-8080-exec-3:81801 ] - [ DEBUG ]  {conn-10001, pstmt-20001, rs-50001} Result: [2]
2020-01-01 16:10:14  [ http-nio-8080-exec-3:81801 ] - [ DEBUG ]  {conn-10001, pstmt-20001, rs-50001} closed
2020-01-01 16:10:14  [ http-nio-8080-exec-3:81802 ] - [ DEBUG ]  {conn-10001, pstmt-20001} clearParameters. 
2020-01-01 16:10:14  [ http-nio-8080-exec-3:81806 ] - [ DEBUG ]  {conn-10001} commited
2020-01-01 16:10:14  [ http-nio-8080-exec-3:81806 ] - [ DEBUG ]  {conn-10001} setAutoCommit true
2020-01-01 16:10:14  [ http-nio-8080-exec-3:81809 ] - [ DEBUG ]  {conn-10001} pool-recycle
2020-01-01 16:10:41  [ http-nio-8080-exec-5:108963 ] - [ DEBUG ]  {conn-10001} pool-connect
2020-01-01 16:10:41  [ http-nio-8080-exec-5:108966 ] - [ DEBUG ]  {conn-10001} setAutoCommit false
2020-01-01 16:10:41  [ http-nio-8080-exec-5:108969 ] - [ DEBUG ]  {conn-10001, pstmt-20000} Parameters : [2]
2020-01-01 16:10:41  [ http-nio-8080-exec-5:108970 ] - [ DEBUG ]  {conn-10001, pstmt-20000} Types : [INTEGER]
2020-01-01 16:10:41  [ http-nio-8080-exec-5:108972 ] - [ DEBUG ]  {conn-10001, pstmt-20000, rs-50002} query executed. 2.5886 millis. select userentity0_.t_id as t_id1_0_, userentity0_.t_address as t_addres2_0_, userentity0_.t_age as t_age3_0_, userentity0_.t_name as t_name4_0_ from t_user userentity0_ order by userentity0_.t_id desc limit ?
2020-01-01 16:10:41  [ http-nio-8080-exec-5:108973 ] - [ DEBUG ]  {conn-10001, pstmt-20000, rs-50002} open
2020-01-01 16:10:41  [ http-nio-8080-exec-5:108973 ] - [ DEBUG ]  {conn-10001, pstmt-20000, rs-50002} Header: [t_id, t_address, t_age, t_name]
2020-01-01 16:10:41  [ http-nio-8080-exec-5:108974 ] - [ DEBUG ]  {conn-10001, pstmt-20000, rs-50002} Result: [2, 北京市通话区, 19, workman1]
2020-01-01 16:10:41  [ http-nio-8080-exec-5:108974 ] - [ DEBUG ]  {conn-10001, pstmt-20000, rs-50002} Result: [1, 北京市通话区, 30, workman]
2020-01-01 16:10:41  [ http-nio-8080-exec-5:108975 ] - [ DEBUG ]  {conn-10001, pstmt-20000, rs-50002} closed
2020-01-01 16:10:41  [ http-nio-8080-exec-5:108976 ] - [ DEBUG ]  {conn-10001, pstmt-20000} clearParameters. 
2020-01-01 16:10:41  [ http-nio-8080-exec-5:108976 ] - [ DEBUG ]  {conn-10001, pstmt-20001} Parameters : []
2020-01-01 16:10:41  [ http-nio-8080-exec-5:108977 ] - [ DEBUG ]  {conn-10001, pstmt-20001} Types : []
2020-01-01 16:10:41  [ http-nio-8080-exec-5:109035 ] - [ DEBUG ]  {conn-10001, pstmt-20001, rs-50003} query executed. 58.3718 millis. select count(userentity0_.t_id) as col_0_0_ from t_user userentity0_
2020-01-01 16:10:41  [ http-nio-8080-exec-5:109035 ] - [ DEBUG ]  {conn-10001, pstmt-20001, rs-50003} open
2020-01-01 16:10:41  [ http-nio-8080-exec-5:109036 ] - [ DEBUG ]  {conn-10001, pstmt-20001, rs-50003} Header: [col_0_0_]
2020-01-01 16:10:41  [ http-nio-8080-exec-5:109036 ] - [ DEBUG ]  {conn-10001, pstmt-20001, rs-50003} Result: [2]
2020-01-01 16:10:41  [ http-nio-8080-exec-5:109037 ] - [ DEBUG ]  {conn-10001, pstmt-20001, rs-50003} closed
2020-01-01 16:10:41  [ http-nio-8080-exec-5:109037 ] - [ DEBUG ]  {conn-10001, pstmt-20001} clearParameters. 
2020-01-01 16:10:41  [ http-nio-8080-exec-5:109039 ] - [ DEBUG ]  {conn-10001} commited
2020-01-01 16:10:41  [ http-nio-8080-exec-5:109039 ] - [ DEBUG ]  {conn-10001} setAutoCommit true
2020-01-01 16:10:41  [ http-nio-8080-exec-5:109042 ] - [ DEBUG ]  {conn-10001} pool-recycle
2020-01-01 16:11:22  [ http-nio-8080-exec-7:150139 ] - [ DEBUG ]  {conn-10001} pool-connect
2020-01-01 16:11:22  [ http-nio-8080-exec-7:150142 ] - [ DEBUG ]  {conn-10001} setAutoCommit false
2020-01-01 16:11:22  [ http-nio-8080-exec-7:150147 ] - [ DEBUG ]  {conn-10001, pstmt-20002} created. select userentity0_.t_id as t_id1_0_, userentity0_.t_address as t_addres2_0_, userentity0_.t_age as t_age3_0_, userentity0_.t_name as t_name4_0_ from t_user userentity0_ order by userentity0_.t_id desc limit ?, ?
2020-01-01 16:11:22  [ http-nio-8080-exec-7:150148 ] - [ DEBUG ]  {conn-10001, pstmt-20002} Parameters : [2, 2]
2020-01-01 16:11:22  [ http-nio-8080-exec-7:150149 ] - [ DEBUG ]  {conn-10001, pstmt-20002} Types : [INTEGER, INTEGER]
2020-01-01 16:11:22  [ http-nio-8080-exec-7:150150 ] - [ DEBUG ]  {conn-10001, pstmt-20002, rs-50004} query executed. 2.1134 millis. select userentity0_.t_id as t_id1_0_, userentity0_.t_address as t_addres2_0_, userentity0_.t_age as t_age3_0_, userentity0_.t_name as t_name4_0_ from t_user userentity0_ order by userentity0_.t_id desc limit ?, ?
2020-01-01 16:11:22  [ http-nio-8080-exec-7:150151 ] - [ DEBUG ]  {conn-10001, pstmt-20002, rs-50004} open
2020-01-01 16:11:22  [ http-nio-8080-exec-7:150151 ] - [ DEBUG ]  {conn-10001, pstmt-20002, rs-50004} Header: [t_id, t_address, t_age, t_name]
2020-01-01 16:11:22  [ http-nio-8080-exec-7:150152 ] - [ DEBUG ]  {conn-10001, pstmt-20002, rs-50004} closed
2020-01-01 16:11:22  [ http-nio-8080-exec-7:150153 ] - [ DEBUG ]  {conn-10001, pstmt-20002} clearParameters. 
2020-01-01 16:11:23  [ http-nio-8080-exec-7:150154 ] - [ DEBUG ]  {conn-10001, pstmt-20001} Parameters : []
2020-01-01 16:11:23  [ http-nio-8080-exec-7:150154 ] - [ DEBUG ]  {conn-10001, pstmt-20001} Types : []
2020-01-01 16:11:23  [ http-nio-8080-exec-7:150211 ] - [ DEBUG ]  {conn-10001, pstmt-20001, rs-50005} query executed. 57.6223 millis. select count(userentity0_.t_id) as col_0_0_ from t_user userentity0_
2020-01-01 16:11:23  [ http-nio-8080-exec-7:150212 ] - [ DEBUG ]  {conn-10001, pstmt-20001, rs-50005} open
2020-01-01 16:11:23  [ http-nio-8080-exec-7:150213 ] - [ DEBUG ]  {conn-10001, pstmt-20001, rs-50005} Header: [col_0_0_]
2020-01-01 16:11:23  [ http-nio-8080-exec-7:150214 ] - [ DEBUG ]  {conn-10001, pstmt-20001, rs-50005} Result: [2]
2020-01-01 16:11:23  [ http-nio-8080-exec-7:150214 ] - [ DEBUG ]  {conn-10001, pstmt-20001, rs-50005} closed
2020-01-01 16:11:23  [ http-nio-8080-exec-7:150215 ] - [ DEBUG ]  {conn-10001, pstmt-20001} clearParameters. 
2020-01-01 16:11:23  [ http-nio-8080-exec-7:150216 ] - [ DEBUG ]  {conn-10001} commited
2020-01-01 16:11:23  [ http-nio-8080-exec-7:150217 ] - [ DEBUG ]  {conn-10001} setAutoCommit true
2020-01-01 16:11:23  [ http-nio-8080-exec-7:150219 ] - [ DEBUG ]  {conn-10001} pool-recycle
2020-01-01 16:12:52  [ http-nio-8080-exec-10:239815 ] - [ DEBUG ]  {conn-10001} pool-connect
2020-01-01 16:12:52  [ http-nio-8080-exec-10:239821 ] - [ DEBUG ]  {conn-10001} setAutoCommit false
2020-01-01 16:12:52  [ http-nio-8080-exec-10:239823 ] - [ DEBUG ]  {conn-10001, pstmt-20000} Parameters : [2]
2020-01-01 16:12:52  [ http-nio-8080-exec-10:239824 ] - [ DEBUG ]  {conn-10001, pstmt-20000} Types : [INTEGER]
2020-01-01 16:12:52  [ http-nio-8080-exec-10:239826 ] - [ DEBUG ]  {conn-10001, pstmt-20000, rs-50006} query executed. 2.5274 millis. select userentity0_.t_id as t_id1_0_, userentity0_.t_address as t_addres2_0_, userentity0_.t_age as t_age3_0_, userentity0_.t_name as t_name4_0_ from t_user userentity0_ order by userentity0_.t_id desc limit ?
2020-01-01 16:12:52  [ http-nio-8080-exec-10:239826 ] - [ DEBUG ]  {conn-10001, pstmt-20000, rs-50006} open
2020-01-01 16:12:52  [ http-nio-8080-exec-10:239827 ] - [ DEBUG ]  {conn-10001, pstmt-20000, rs-50006} Header: [t_id, t_address, t_age, t_name]
2020-01-01 16:12:52  [ http-nio-8080-exec-10:239827 ] - [ DEBUG ]  {conn-10001, pstmt-20000, rs-50006} Result: [2, 北京市通话区, 19, workman1]
2020-01-01 16:12:52  [ http-nio-8080-exec-10:239830 ] - [ DEBUG ]  {conn-10001, pstmt-20000, rs-50006} Result: [1, 北京市通话区, 30, workman]
2020-01-01 16:12:52  [ http-nio-8080-exec-10:239832 ] - [ DEBUG ]  {conn-10001, pstmt-20000, rs-50006} closed
2020-01-01 16:12:52  [ http-nio-8080-exec-10:239832 ] - [ DEBUG ]  {conn-10001, pstmt-20000} clearParameters. 
2020-01-01 16:12:52  [ http-nio-8080-exec-10:239833 ] - [ DEBUG ]  {conn-10001, pstmt-20001} Parameters : []
2020-01-01 16:12:52  [ http-nio-8080-exec-10:239834 ] - [ DEBUG ]  {conn-10001, pstmt-20001} Types : []
2020-01-01 16:12:52  [ http-nio-8080-exec-10:239889 ] - [ DEBUG ]  {conn-10001, pstmt-20001, rs-50007} query executed. 56.0449 millis. select count(userentity0_.t_id) as col_0_0_ from t_user userentity0_
2020-01-01 16:12:52  [ http-nio-8080-exec-10:239890 ] - [ DEBUG ]  {conn-10001, pstmt-20001, rs-50007} open
2020-01-01 16:12:52  [ http-nio-8080-exec-10:239890 ] - [ DEBUG ]  {conn-10001, pstmt-20001, rs-50007} Header: [col_0_0_]
2020-01-01 16:12:52  [ http-nio-8080-exec-10:239891 ] - [ DEBUG ]  {conn-10001, pstmt-20001, rs-50007} Result: [2]
2020-01-01 16:12:52  [ http-nio-8080-exec-10:239892 ] - [ DEBUG ]  {conn-10001, pstmt-20001, rs-50007} closed
2020-01-01 16:12:52  [ http-nio-8080-exec-10:239892 ] - [ DEBUG ]  {conn-10001, pstmt-20001} clearParameters. 
2020-01-01 16:12:52  [ http-nio-8080-exec-10:239894 ] - [ DEBUG ]  {conn-10001} commited
2020-01-01 16:12:52  [ http-nio-8080-exec-10:239895 ] - [ DEBUG ]  {conn-10001} setAutoCommit true
2020-01-01 16:12:52  [ http-nio-8080-exec-10:239898 ] - [ DEBUG ]  {conn-10001} pool-recycle
2020-01-01 16:15:47  [ http-nio-8080-exec-3:414407 ] - [ DEBUG ]  {conn-10001} pool-connect
2020-01-01 16:15:47  [ http-nio-8080-exec-3:414409 ] - [ DEBUG ]  {conn-10001} setAutoCommit false
2020-01-01 16:15:47  [ http-nio-8080-exec-3:414415 ] - [ DEBUG ]  {conn-10001, pstmt-20000} Parameters : [2]
2020-01-01 16:15:47  [ http-nio-8080-exec-3:414416 ] - [ DEBUG ]  {conn-10001, pstmt-20000} Types : [INTEGER]
2020-01-01 16:15:47  [ http-nio-8080-exec-3:414418 ] - [ DEBUG ]  {conn-10001, pstmt-20000, rs-50008} query executed. 3.0781 millis. select userentity0_.t_id as t_id1_0_, userentity0_.t_address as t_addres2_0_, userentity0_.t_age as t_age3_0_, userentity0_.t_name as t_name4_0_ from t_user userentity0_ order by userentity0_.t_id desc limit ?
2020-01-01 16:15:47  [ http-nio-8080-exec-3:414419 ] - [ DEBUG ]  {conn-10001, pstmt-20000, rs-50008} open
2020-01-01 16:15:47  [ http-nio-8080-exec-3:414420 ] - [ DEBUG ]  {conn-10001, pstmt-20000, rs-50008} Header: [t_id, t_address, t_age, t_name]
2020-01-01 16:15:47  [ http-nio-8080-exec-3:414421 ] - [ DEBUG ]  {conn-10001, pstmt-20000, rs-50008} Result: [6, 北京朝阳闻道科技, 25, workman2]
2020-01-01 16:15:47  [ http-nio-8080-exec-3:414421 ] - [ DEBUG ]  {conn-10001, pstmt-20000, rs-50008} Result: [2, 北京市通话区, 19, workman1]
2020-01-01 16:15:47  [ http-nio-8080-exec-3:414422 ] - [ DEBUG ]  {conn-10001, pstmt-20000, rs-50008} closed
2020-01-01 16:15:47  [ http-nio-8080-exec-3:414422 ] - [ DEBUG ]  {conn-10001, pstmt-20000} clearParameters. 
2020-01-01 16:15:47  [ http-nio-8080-exec-3:414423 ] - [ DEBUG ]  {conn-10001, pstmt-20001} Parameters : []
2020-01-01 16:15:47  [ http-nio-8080-exec-3:414424 ] - [ DEBUG ]  {conn-10001, pstmt-20001} Types : []
2020-01-01 16:15:47  [ http-nio-8080-exec-3:414479 ] - [ DEBUG ]  {conn-10001, pstmt-20001, rs-50009} query executed. 56.0938 millis. select count(userentity0_.t_id) as col_0_0_ from t_user userentity0_
2020-01-01 16:15:47  [ http-nio-8080-exec-3:414480 ] - [ DEBUG ]  {conn-10001, pstmt-20001, rs-50009} open
2020-01-01 16:15:47  [ http-nio-8080-exec-3:414481 ] - [ DEBUG ]  {conn-10001, pstmt-20001, rs-50009} Header: [col_0_0_]
2020-01-01 16:15:47  [ http-nio-8080-exec-3:414481 ] - [ DEBUG ]  {conn-10001, pstmt-20001, rs-50009} Result: [3]
2020-01-01 16:15:47  [ http-nio-8080-exec-3:414482 ] - [ DEBUG ]  {conn-10001, pstmt-20001, rs-50009} closed
2020-01-01 16:15:47  [ http-nio-8080-exec-3:414482 ] - [ DEBUG ]  {conn-10001, pstmt-20001} clearParameters. 
2020-01-01 16:15:47  [ http-nio-8080-exec-3:414492 ] - [ DEBUG ]  {conn-10001} commited
2020-01-01 16:15:47  [ http-nio-8080-exec-3:414492 ] - [ DEBUG ]  {conn-10001} setAutoCommit true
2020-01-01 16:15:47  [ http-nio-8080-exec-3:414495 ] - [ DEBUG ]  {conn-10001} pool-recycle
2020-01-01 16:15:52  [ http-nio-8080-exec-4:419671 ] - [ DEBUG ]  {conn-10001} pool-connect
2020-01-01 16:15:52  [ http-nio-8080-exec-4:419673 ] - [ DEBUG ]  {conn-10001} setAutoCommit false
2020-01-01 16:15:52  [ http-nio-8080-exec-4:419677 ] - [ DEBUG ]  {conn-10001, pstmt-20002} Parameters : [2, 2]
2020-01-01 16:15:52  [ http-nio-8080-exec-4:419678 ] - [ DEBUG ]  {conn-10001, pstmt-20002} Types : [INTEGER, INTEGER]
2020-01-01 16:15:52  [ http-nio-8080-exec-4:419680 ] - [ DEBUG ]  {conn-10001, pstmt-20002, rs-50010} query executed. 2.3939 millis. select userentity0_.t_id as t_id1_0_, userentity0_.t_address as t_addres2_0_, userentity0_.t_age as t_age3_0_, userentity0_.t_name as t_name4_0_ from t_user userentity0_ order by userentity0_.t_id desc limit ?, ?
2020-01-01 16:15:52  [ http-nio-8080-exec-4:419680 ] - [ DEBUG ]  {conn-10001, pstmt-20002, rs-50010} open
2020-01-01 16:15:52  [ http-nio-8080-exec-4:419681 ] - [ DEBUG ]  {conn-10001, pstmt-20002, rs-50010} Header: [t_id, t_address, t_age, t_name]
2020-01-01 16:15:52  [ http-nio-8080-exec-4:419681 ] - [ DEBUG ]  {conn-10001, pstmt-20002, rs-50010} Result: [1, 北京市通话区, 30, workman]
2020-01-01 16:15:52  [ http-nio-8080-exec-4:419682 ] - [ DEBUG ]  {conn-10001, pstmt-20002, rs-50010} closed
2020-01-01 16:15:52  [ http-nio-8080-exec-4:419682 ] - [ DEBUG ]  {conn-10001, pstmt-20002} clearParameters. 
2020-01-01 16:15:52  [ http-nio-8080-exec-4:419686 ] - [ DEBUG ]  {conn-10001} commited
2020-01-01 16:15:52  [ http-nio-8080-exec-4:419686 ] - [ DEBUG ]  {conn-10001} setAutoCommit true
2020-01-01 16:15:52  [ http-nio-8080-exec-4:419690 ] - [ DEBUG ]  {conn-10001} pool-recycle
