2019-12-29 21:04:22.388  INFO 22620 --- [main] com.workman.SpringbootApplication        : Starting SpringbootApplication on DESKTOP-0B8266I with PID 22620 (D:\workspace_idea\springboot\target\classes started by liuzhuang in D:\workspace_idea\springboot)
2019-12-29 21:04:22.394  INFO 22620 --- [main] com.workman.SpringbootApplication        : No active profile set, falling back to default profiles: default
2019-12-29 21:04:24.203  INFO 22620 --- [main] o.s.b.w.embedded.tomcat.TomcatWebServer  : Tomcat initialized with port(s): 8080 (http)
2019-12-29 21:04:24.222  INFO 22620 --- [main] o.apache.catalina.core.StandardService   : Starting service [Tomcat]
2019-12-29 21:04:24.222  INFO 22620 --- [main] org.apache.catalina.core.StandardEngine  : Starting Servlet engine: [Apache Tomcat/9.0.29]
2019-12-29 21:04:24.421  INFO 22620 --- [main] o.a.c.c.C.[Tomcat].[localhost].[/]       : Initializing Spring embedded WebApplicationContext
2019-12-29 21:04:24.424  INFO 22620 --- [main] o.s.web.context.ContextLoader            : Root WebApplicationContext: initialization completed in 1944 ms
2019-12-29 21:04:24.710  INFO 22620 --- [main] o.s.s.concurrent.ThreadPoolTaskExecutor  : Initializing ExecutorService 'applicationTaskExecutor'
2019-12-29 21:04:24.946  INFO 22620 --- [main] o.s.b.w.embedded.tomcat.TomcatWebServer  : Tomcat started on port(s): 8080 (http) with context path ''
2019-12-29 21:04:24.951  INFO 22620 --- [main] com.workman.SpringbootApplication        : Started SpringbootApplication in 3.597 seconds (JVM running for 5.824)
2019-12-29 21:04:41.300  INFO 22620 --- [http-nio-8080-exec-1] o.a.c.c.C.[Tomcat].[localhost].[/]       : Initializing Spring DispatcherServlet 'dispatcherServlet'
2019-12-29 21:04:41.300  INFO 22620 --- [http-nio-8080-exec-1] o.s.web.servlet.DispatcherServlet        : Initializing Servlet 'dispatcherServlet'
2019-12-29 21:04:41.310  INFO 22620 --- [http-nio-8080-exec-1] o.s.web.servlet.DispatcherServlet        : Completed initialization in 8 ms
2019-12-29 21:04:41.338  INFO 22620 --- [http-nio-8080-exec-1] c.w.controller.HelloWordController       : hello word,method index
2019-12-29 22:01:59.891  INFO 35488 --- [main] com.workman.SpringbootApplication        : Starting SpringbootApplication on DESKTOP-0B8266I with PID 35488 (D:\workspace_idea\springboot\target\classes started by liuzhuang in D:\workspace_idea\springboot)
2019-12-29 22:01:59.898  INFO 35488 --- [main] com.workman.SpringbootApplication        : No active profile set, falling back to default profiles: default
2019-12-29 22:02:01.554  INFO 35488 --- [main] o.s.b.w.embedded.tomcat.TomcatWebServer  : Tomcat initialized with port(s): 8080 (http)
2019-12-29 22:02:01.567  INFO 35488 --- [main] o.apache.catalina.core.StandardService   : Starting service [Tomcat]
2019-12-29 22:02:01.567  INFO 35488 --- [main] org.apache.catalina.core.StandardEngine  : Starting Servlet engine: [Apache Tomcat/9.0.29]
2019-12-29 22:02:02.115  INFO 35488 --- [main] org.apache.jasper.servlet.TldScanner     : At least one JAR was scanned for TLDs yet contained no TLDs. Enable debug logging for this logger for a complete list of JARs that were scanned but no TLDs were found in them. Skipping unneeded JARs during scanning can improve startup time and JSP compilation time.
2019-12-29 22:02:02.125  INFO 35488 --- [main] o.a.c.c.C.[Tomcat].[localhost].[/]       : Initializing Spring embedded WebApplicationContext
2019-12-29 22:02:02.125  INFO 35488 --- [main] o.s.web.context.ContextLoader            : Root WebApplicationContext: initialization completed in 2125 ms
2019-12-29 22:02:02.374  INFO 35488 --- [main] o.s.s.concurrent.ThreadPoolTaskExecutor  : Initializing ExecutorService 'applicationTaskExecutor'
2019-12-29 22:02:02.469  WARN 35488 --- [main] ConfigServletWebServerApplicationContext : Exception encountered during context initialization - cancelling refresh attempt: org.springframework.beans.factory.BeanCreationException: Error creating bean with name 'requestMappingHandlerMapping' defined in class path resource [org/springframework/boot/autoconfigure/web/servlet/WebMvcAutoConfiguration$EnableWebMvcConfiguration.class]: Invocation of init method failed; nested exception is java.lang.IllegalStateException: Ambiguous mapping. Cannot map 'indexController' method 
com.workman.controller.IndexController#index()
to {GET /index}: There is already 'helloWordController' bean method
com.workman.controller.HelloWordController#index() mapped.
2019-12-29 22:02:02.469  INFO 35488 --- [main] o.s.s.concurrent.ThreadPoolTaskExecutor  : Shutting down ExecutorService 'applicationTaskExecutor'
2019-12-29 22:02:02.474  INFO 35488 --- [main] o.apache.catalina.core.StandardService   : Stopping service [Tomcat]
2019-12-29 22:02:02.501  INFO 35488 --- [main] ConditionEvaluationReportLoggingListener : 

Error starting ApplicationContext. To display the conditions report re-run your application with 'debug' enabled.
2019-12-29 22:02:02.535 ERROR 35488 --- [main] o.s.boot.SpringApplication               : Application run failed

org.springframework.beans.factory.BeanCreationException: Error creating bean with name 'requestMappingHandlerMapping' defined in class path resource [org/springframework/boot/autoconfigure/web/servlet/WebMvcAutoConfiguration$EnableWebMvcConfiguration.class]: Invocation of init method failed; nested exception is java.lang.IllegalStateException: Ambiguous mapping. Cannot map 'indexController' method 
com.workman.controller.IndexController#index()
to {GET /index}: There is already 'helloWordController' bean method
com.workman.controller.HelloWordController#index() mapped.
	at org.springframework.beans.factory.support.AbstractAutowireCapableBeanFactory.initializeBean(AbstractAutowireCapableBeanFactory.java:1796)
	at org.springframework.beans.factory.support.AbstractAutowireCapableBeanFactory.doCreateBean(AbstractAutowireCapableBeanFactory.java:595)
	at org.springframework.beans.factory.support.AbstractAutowireCapableBeanFactory.createBean(AbstractAutowireCapableBeanFactory.java:517)
	at org.springframework.beans.factory.support.AbstractBeanFactory.lambda$doGetBean$0(AbstractBeanFactory.java:323)
	at org.springframework.beans.factory.support.DefaultSingletonBeanRegistry.getSingleton(DefaultSingletonBeanRegistry.java:222)
	at org.springframework.beans.factory.support.AbstractBeanFactory.doGetBean(AbstractBeanFactory.java:321)
	at org.springframework.beans.factory.support.AbstractBeanFactory.getBean(AbstractBeanFactory.java:202)
	at org.springframework.beans.factory.support.DefaultListableBeanFactory.preInstantiateSingletons(DefaultListableBeanFactory.java:879)
	at org.springframework.context.support.AbstractApplicationContext.finishBeanFactoryInitialization(AbstractApplicationContext.java:878)
	at org.springframework.context.support.AbstractApplicationContext.refresh(AbstractApplicationContext.java:550)
	at org.springframework.boot.web.servlet.context.ServletWebServerApplicationContext.refresh(ServletWebServerApplicationContext.java:141)
	at org.springframework.boot.SpringApplication.refresh(SpringApplication.java:747)
	at org.springframework.boot.SpringApplication.refreshContext(SpringApplication.java:397)
	at org.springframework.boot.SpringApplication.run(SpringApplication.java:315)
	at org.springframework.boot.SpringApplication.run(SpringApplication.java:1226)
	at org.springframework.boot.SpringApplication.run(SpringApplication.java:1215)
	at com.workman.SpringbootApplication.main(SpringbootApplication.java:10)
Caused by: java.lang.IllegalStateException: Ambiguous mapping. Cannot map 'indexController' method 
com.workman.controller.IndexController#index()
to {GET /index}: There is already 'helloWordController' bean method
com.workman.controller.HelloWordController#index() mapped.
	at org.springframework.web.servlet.handler.AbstractHandlerMethodMapping$MappingRegistry.validateMethodMapping(AbstractHandlerMethodMapping.java:633)
	at org.springframework.web.servlet.handler.AbstractHandlerMethodMapping$MappingRegistry.register(AbstractHandlerMethodMapping.java:600)
	at org.springframework.web.servlet.handler.AbstractHandlerMethodMapping.registerHandlerMethod(AbstractHandlerMethodMapping.java:318)
	at org.springframework.web.servlet.mvc.method.annotation.RequestMappingHandlerMapping.registerHandlerMethod(RequestMappingHandlerMapping.java:350)
	at org.springframework.web.servlet.mvc.method.annotation.RequestMappingHandlerMapping.registerHandlerMethod(RequestMappingHandlerMapping.java:67)
	at org.springframework.web.servlet.handler.AbstractHandlerMethodMapping.lambda$detectHandlerMethods$1(AbstractHandlerMethodMapping.java:288)
	at java.util.LinkedHashMap.forEach(LinkedHashMap.java:684)
	at org.springframework.web.servlet.handler.AbstractHandlerMethodMapping.detectHandlerMethods(AbstractHandlerMethodMapping.java:286)
	at org.springframework.web.servlet.handler.AbstractHandlerMethodMapping.processCandidateBean(AbstractHandlerMethodMapping.java:258)
	at org.springframework.web.servlet.handler.AbstractHandlerMethodMapping.initHandlerMethods(AbstractHandlerMethodMapping.java:217)
	at org.springframework.web.servlet.handler.AbstractHandlerMethodMapping.afterPropertiesSet(AbstractHandlerMethodMapping.java:205)
	at org.springframework.web.servlet.mvc.method.annotation.RequestMappingHandlerMapping.afterPropertiesSet(RequestMappingHandlerMapping.java:171)
	at org.springframework.beans.factory.support.AbstractAutowireCapableBeanFactory.invokeInitMethods(AbstractAutowireCapableBeanFactory.java:1855)
	at org.springframework.beans.factory.support.AbstractAutowireCapableBeanFactory.initializeBean(AbstractAutowireCapableBeanFactory.java:1792)
	... 16 common frames omitted

2019-12-29 22:02:57.587  INFO 39244 --- [main] com.workman.SpringbootApplication        : Starting SpringbootApplication on DESKTOP-0B8266I with PID 39244 (D:\workspace_idea\springboot\target\classes started by liuzhuang in D:\workspace_idea\springboot)
2019-12-29 22:02:57.591  INFO 39244 --- [main] com.workman.SpringbootApplication        : No active profile set, falling back to default profiles: default
2019-12-29 22:02:59.229  INFO 39244 --- [main] o.s.b.w.embedded.tomcat.TomcatWebServer  : Tomcat initialized with port(s): 8080 (http)
2019-12-29 22:02:59.243  INFO 39244 --- [main] o.apache.catalina.core.StandardService   : Starting service [Tomcat]
2019-12-29 22:02:59.243  INFO 39244 --- [main] org.apache.catalina.core.StandardEngine  : Starting Servlet engine: [Apache Tomcat/9.0.29]
2019-12-29 22:02:59.640  INFO 39244 --- [main] org.apache.jasper.servlet.TldScanner     : At least one JAR was scanned for TLDs yet contained no TLDs. Enable debug logging for this logger for a complete list of JARs that were scanned but no TLDs were found in them. Skipping unneeded JARs during scanning can improve startup time and JSP compilation time.
2019-12-29 22:02:59.648  INFO 39244 --- [main] o.a.c.c.C.[Tomcat].[localhost].[/]       : Initializing Spring embedded WebApplicationContext
2019-12-29 22:02:59.648  INFO 39244 --- [main] o.s.web.context.ContextLoader            : Root WebApplicationContext: initialization completed in 1970 ms
2019-12-29 22:02:59.864  INFO 39244 --- [main] o.s.s.concurrent.ThreadPoolTaskExecutor  : Initializing ExecutorService 'applicationTaskExecutor'
2019-12-29 22:03:00.114  INFO 39244 --- [main] o.s.b.w.embedded.tomcat.TomcatWebServer  : Tomcat started on port(s): 8080 (http) with context path ''
2019-12-29 22:03:00.123  INFO 39244 --- [main] com.workman.SpringbootApplication        : Started SpringbootApplication in 3.471 seconds (JVM running for 5.807)
2019-12-29 22:03:20.690  INFO 39244 --- [http-nio-8080-exec-1] o.a.c.c.C.[Tomcat].[localhost].[/]       : Initializing Spring DispatcherServlet 'dispatcherServlet'
2019-12-29 22:03:20.692  INFO 39244 --- [http-nio-8080-exec-1] o.s.web.servlet.DispatcherServlet        : Initializing Servlet 'dispatcherServlet'
2019-12-29 22:03:20.704  INFO 39244 --- [http-nio-8080-exec-1] o.s.web.servlet.DispatcherServlet        : Completed initialization in 11 ms
2019-12-29 22:04:17.425  INFO 8680 --- [main] com.workman.SpringbootApplication        : Starting SpringbootApplication on DESKTOP-0B8266I with PID 8680 (D:\workspace_idea\springboot\target\classes started by liuzhuang in D:\workspace_idea\springboot)
2019-12-29 22:04:17.451  INFO 8680 --- [main] com.workman.SpringbootApplication        : No active profile set, falling back to default profiles: default
2019-12-29 22:04:19.030  INFO 8680 --- [main] o.s.b.w.embedded.tomcat.TomcatWebServer  : Tomcat initialized with port(s): 8080 (http)
2019-12-29 22:04:19.039  INFO 8680 --- [main] o.apache.catalina.core.StandardService   : Starting service [Tomcat]
2019-12-29 22:04:19.039  INFO 8680 --- [main] org.apache.catalina.core.StandardEngine  : Starting Servlet engine: [Apache Tomcat/9.0.29]
2019-12-29 22:04:19.484  INFO 8680 --- [main] org.apache.jasper.servlet.TldScanner     : At least one JAR was scanned for TLDs yet contained no TLDs. Enable debug logging for this logger for a complete list of JARs that were scanned but no TLDs were found in them. Skipping unneeded JARs during scanning can improve startup time and JSP compilation time.
2019-12-29 22:04:19.495  INFO 8680 --- [main] o.a.c.c.C.[Tomcat].[localhost].[/]       : Initializing Spring embedded WebApplicationContext
2019-12-29 22:04:19.495  INFO 8680 --- [main] o.s.web.context.ContextLoader            : Root WebApplicationContext: initialization completed in 1930 ms
2019-12-29 22:04:19.726  INFO 8680 --- [main] o.s.s.concurrent.ThreadPoolTaskExecutor  : Initializing ExecutorService 'applicationTaskExecutor'
2019-12-29 22:04:19.935  INFO 8680 --- [main] o.s.b.w.embedded.tomcat.TomcatWebServer  : Tomcat started on port(s): 8080 (http) with context path ''
2019-12-29 22:04:19.938  INFO 8680 --- [main] com.workman.SpringbootApplication        : Started SpringbootApplication in 3.444 seconds (JVM running for 5.675)
2019-12-29 22:04:43.609  INFO 8680 --- [http-nio-8080-exec-1] o.a.c.c.C.[Tomcat].[localhost].[/]       : Initializing Spring DispatcherServlet 'dispatcherServlet'
2019-12-29 22:04:43.613  INFO 8680 --- [http-nio-8080-exec-1] o.s.web.servlet.DispatcherServlet        : Initializing Servlet 'dispatcherServlet'
2019-12-29 22:04:43.623  INFO 8680 --- [http-nio-8080-exec-1] o.s.web.servlet.DispatcherServlet        : Completed initialization in 10 ms
2019-12-29 22:04:43.658  INFO 8680 --- [http-nio-8080-exec-1] com.workman.controller.IndexController   : invoke IndexController method index
2019-12-29 22:05:18.980  INFO 25252 --- [main] com.workman.SpringbootApplication        : Starting SpringbootApplication on DESKTOP-0B8266I with PID 25252 (D:\workspace_idea\springboot\target\classes started by liuzhuang in D:\workspace_idea\springboot)
2019-12-29 22:05:18.982  INFO 25252 --- [main] com.workman.SpringbootApplication        : No active profile set, falling back to default profiles: default
2019-12-29 22:05:20.646  INFO 25252 --- [main] o.s.b.w.embedded.tomcat.TomcatWebServer  : Tomcat initialized with port(s): 8080 (http)
2019-12-29 22:05:20.649  INFO 25252 --- [main] o.apache.catalina.core.StandardService   : Starting service [Tomcat]
2019-12-29 22:05:20.649  INFO 25252 --- [main] org.apache.catalina.core.StandardEngine  : Starting Servlet engine: [Apache Tomcat/9.0.29]
2019-12-29 22:05:21.151  INFO 25252 --- [main] org.apache.jasper.servlet.TldScanner     : At least one JAR was scanned for TLDs yet contained no TLDs. Enable debug logging for this logger for a complete list of JARs that were scanned but no TLDs were found in them. Skipping unneeded JARs during scanning can improve startup time and JSP compilation time.
2019-12-29 22:05:21.169  INFO 25252 --- [main] o.a.c.c.C.[Tomcat].[localhost].[/]       : Initializing Spring embedded WebApplicationContext
2019-12-29 22:05:21.172  INFO 25252 --- [main] o.s.web.context.ContextLoader            : Root WebApplicationContext: initialization completed in 2092 ms
2019-12-29 22:05:21.399  INFO 25252 --- [main] o.s.s.concurrent.ThreadPoolTaskExecutor  : Initializing ExecutorService 'applicationTaskExecutor'
2019-12-29 22:05:21.620  INFO 25252 --- [main] o.s.b.w.embedded.tomcat.TomcatWebServer  : Tomcat started on port(s): 8080 (http) with context path ''
2019-12-29 22:05:21.624  INFO 25252 --- [main] com.workman.SpringbootApplication        : Started SpringbootApplication in 3.65 seconds (JVM running for 6.185)
2019-12-29 22:05:30.527  INFO 25252 --- [http-nio-8080-exec-1] o.a.c.c.C.[Tomcat].[localhost].[/]       : Initializing Spring DispatcherServlet 'dispatcherServlet'
2019-12-29 22:05:30.527  INFO 25252 --- [http-nio-8080-exec-1] o.s.web.servlet.DispatcherServlet        : Initializing Servlet 'dispatcherServlet'
2019-12-29 22:05:30.537  INFO 25252 --- [http-nio-8080-exec-1] o.s.web.servlet.DispatcherServlet        : Completed initialization in 10 ms
2019-12-29 22:05:30.566  INFO 25252 --- [http-nio-8080-exec-1] com.workman.controller.IndexController   : invoke IndexController method index
2019-12-29 22:07:19.239  INFO 39332 --- [main] com.workman.SpringbootApplication        : Starting SpringbootApplication on DESKTOP-0B8266I with PID 39332 (D:\workspace_idea\springboot\target\classes started by liuzhuang in D:\workspace_idea\springboot)
2019-12-29 22:07:19.251  INFO 39332 --- [main] com.workman.SpringbootApplication        : No active profile set, falling back to default profiles: default
2019-12-29 22:07:21.222  INFO 39332 --- [main] o.s.b.w.embedded.tomcat.TomcatWebServer  : Tomcat initialized with port(s): 8080 (http)
2019-12-29 22:07:21.248  INFO 39332 --- [main] o.apache.catalina.core.StandardService   : Starting service [Tomcat]
2019-12-29 22:07:21.250  INFO 39332 --- [main] org.apache.catalina.core.StandardEngine  : Starting Servlet engine: [Apache Tomcat/9.0.29]
2019-12-29 22:07:21.748  INFO 39332 --- [main] org.apache.jasper.servlet.TldScanner     : At least one JAR was scanned for TLDs yet contained no TLDs. Enable debug logging for this logger for a complete list of JARs that were scanned but no TLDs were found in them. Skipping unneeded JARs during scanning can improve startup time and JSP compilation time.
2019-12-29 22:07:21.757  INFO 39332 --- [main] o.a.c.c.C.[Tomcat].[localhost].[/]       : Initializing Spring embedded WebApplicationContext
2019-12-29 22:07:21.758  INFO 39332 --- [main] o.s.web.context.ContextLoader            : Root WebApplicationContext: initialization completed in 2385 ms
2019-12-29 22:07:22.023  INFO 39332 --- [main] o.s.s.concurrent.ThreadPoolTaskExecutor  : Initializing ExecutorService 'applicationTaskExecutor'
2019-12-29 22:07:22.105  INFO 39332 --- [main] o.s.b.a.w.s.WelcomePageHandlerMapping    : Adding welcome page template: index
2019-12-29 22:07:22.353  INFO 39332 --- [main] o.s.b.w.embedded.tomcat.TomcatWebServer  : Tomcat started on port(s): 8080 (http) with context path ''
2019-12-29 22:07:22.359  INFO 39332 --- [main] com.workman.SpringbootApplication        : Started SpringbootApplication in 4.168 seconds (JVM running for 6.976)
2019-12-29 22:07:34.523  INFO 39332 --- [http-nio-8080-exec-1] o.a.c.c.C.[Tomcat].[localhost].[/]       : Initializing Spring DispatcherServlet 'dispatcherServlet'
2019-12-29 22:07:34.524  INFO 39332 --- [http-nio-8080-exec-1] o.s.web.servlet.DispatcherServlet        : Initializing Servlet 'dispatcherServlet'
2019-12-29 22:07:34.533  INFO 39332 --- [http-nio-8080-exec-1] o.s.web.servlet.DispatcherServlet        : Completed initialization in 9 ms
2019-12-29 22:07:34.561  INFO 39332 --- [http-nio-8080-exec-1] com.workman.controller.IndexController   : invoke IndexController method index
